06-Jan-2019 09:46:28.263 INFO [http-nio-8080-exec-2] com.sgxtrial.yyy.WebSocketServer.onClose websocket closed
06-Jan-2019 09:46:32.395 INFO [http-nio-8080-exec-4] com.sgxtrial.yyy.WebSocketServer.onOpen websocket connected.Thread[http-nio-8080-exec-4,5,main]
06-Jan-2019 09:46:32.425 INFO [http-nio-8080-exec-5] com.sgxtrial.yyy.WebSocketServer.onMessage receive msg with thread: Thread[http-nio-8080-exec-5,5,main]
06-Jan-2019 09:46:32.425 INFO [http-nio-8080-exec-5] com.sgxtrial.yyy.WebSocketServer.onMessage js msg:[B@657a0868
06-Jan-2019 09:46:32.428 INFO [http-nio-8080-exec-5] com.sgxtrial.yyy.WebSocketServer.onMessage enclave msg:[B@6145901f
06-Jan-2019 09:46:32.471 INFO [http-nio-8080-exec-6] com.sgxtrial.yyy.WebSocketServer.onMessage receive msg with thread: Thread[http-nio-8080-exec-6,5,main]
06-Jan-2019 09:46:32.471 INFO [http-nio-8080-exec-6] com.sgxtrial.yyy.WebSocketServer.onMessage js msg:[B@3284ba59
06-Jan-2019 09:46:32.471 INFO [http-nio-8080-exec-6] com.sgxtrial.yyy.WebSocketServer.onMessage enclave msg:[B@3c434279
06-Jan-2019 10:04:13.105 INFO [main] org.apache.catalina.core.StandardServer.await A valid shutdown command was received via the shutdown port. Stopping the Server instance.
06-Jan-2019 10:04:13.107 INFO [main] org.apache.coyote.AbstractProtocol.pause Pausing ProtocolHandler ["http-nio-8080"]
06-Jan-2019 10:04:13.118 INFO [main] org.apache.coyote.AbstractProtocol.pause Pausing ProtocolHandler ["ajp-nio-8009"]
06-Jan-2019 10:04:13.125 INFO [main] org.apache.catalina.core.StandardService.stopInternal Stopping service [Catalina]
06-Jan-2019 10:04:13.177 INFO [main] com.sgxtrial.yyy.WebSocketServer.onClose websocket closed
06-Jan-2019 10:04:13.186 INFO [main] org.apache.coyote.AbstractProtocol.stop Stopping ProtocolHandler ["http-nio-8080"]
06-Jan-2019 10:04:13.189 INFO [main] org.apache.coyote.AbstractProtocol.stop Stopping ProtocolHandler ["ajp-nio-8009"]
06-Jan-2019 10:04:13.191 INFO [main] org.apache.coyote.AbstractProtocol.destroy Destroying ProtocolHandler ["http-nio-8080"]
06-Jan-2019 10:04:13.193 INFO [main] org.apache.coyote.AbstractProtocol.destroy Destroying ProtocolHandler ["ajp-nio-8009"]
06-Jan-2019 10:04:17.124 INFO [main] org.apache.catalina.startup.VersionLoggerListener.log Server version name:   Apache Tomcat/9.0.14
06-Jan-2019 10:04:17.128 INFO [main] org.apache.catalina.startup.VersionLoggerListener.log Server built:          Dec 6 2018 21:13:53 UTC
06-Jan-2019 10:04:17.128 INFO [main] org.apache.catalina.startup.VersionLoggerListener.log Server version number: 9.0.14.0
06-Jan-2019 10:04:17.128 INFO [main] org.apache.catalina.startup.VersionLoggerListener.log OS Name:               Linux
06-Jan-2019 10:04:17.129 INFO [main] org.apache.catalina.startup.VersionLoggerListener.log OS Version:            4.15.0-43-generic
06-Jan-2019 10:04:17.129 INFO [main] org.apache.catalina.startup.VersionLoggerListener.log Architecture:          amd64
06-Jan-2019 10:04:17.129 INFO [main] org.apache.catalina.startup.VersionLoggerListener.log Java Home:             /opt/jdk1.8.0_191/jre
06-Jan-2019 10:04:17.129 INFO [main] org.apache.catalina.startup.VersionLoggerListener.log JVM Version:           1.8.0_191-b12
06-Jan-2019 10:04:17.129 INFO [main] org.apache.catalina.startup.VersionLoggerListener.log JVM Vendor:            Oracle Corporation
06-Jan-2019 10:04:17.129 INFO [main] org.apache.catalina.startup.VersionLoggerListener.log CATALINA_BASE:         /home/vdeadmin/tools/apache-tomcat-9.0.14
06-Jan-2019 10:04:17.129 INFO [main] org.apache.catalina.startup.VersionLoggerListener.log CATALINA_HOME:         /home/vdeadmin/tools/apache-tomcat-9.0.14
06-Jan-2019 10:04:17.129 INFO [main] org.apache.catalina.startup.VersionLoggerListener.log Command line argument: -Djava.util.logging.config.file=/home/vdeadmin/tools/apache-tomcat-current/conf/logging.properties
06-Jan-2019 10:04:17.129 INFO [main] org.apache.catalina.startup.VersionLoggerListener.log Command line argument: -Djava.util.logging.manager=org.apache.juli.ClassLoaderLogManager
06-Jan-2019 10:04:17.129 INFO [main] org.apache.catalina.startup.VersionLoggerListener.log Command line argument: -Djdk.tls.ephemeralDHKeySize=2048
06-Jan-2019 10:04:17.129 INFO [main] org.apache.catalina.startup.VersionLoggerListener.log Command line argument: -Djava.library.path=/home/vdeadmin/tools/apache-tomcat-current/shared/lib
06-Jan-2019 10:04:17.130 INFO [main] org.apache.catalina.startup.VersionLoggerListener.log Command line argument: -Djava.protocol.handler.pkgs=org.apache.catalina.webresources
06-Jan-2019 10:04:17.130 INFO [main] org.apache.catalina.startup.VersionLoggerListener.log Command line argument: -Dorg.apache.catalina.security.SecurityListener.UMASK=0027
06-Jan-2019 10:04:17.130 INFO [main] org.apache.catalina.startup.VersionLoggerListener.log Command line argument: -Dignore.endorsed.dirs=
06-Jan-2019 10:04:17.130 INFO [main] org.apache.catalina.startup.VersionLoggerListener.log Command line argument: -Dcatalina.base=/home/vdeadmin/tools/apache-tomcat-current
06-Jan-2019 10:04:17.130 INFO [main] org.apache.catalina.startup.VersionLoggerListener.log Command line argument: -Dcatalina.home=/home/vdeadmin/tools/apache-tomcat-current
06-Jan-2019 10:04:17.130 INFO [main] org.apache.catalina.startup.VersionLoggerListener.log Command line argument: -Djava.io.tmpdir=/home/vdeadmin/tools/apache-tomcat-current/temp
06-Jan-2019 10:04:17.130 INFO [main] org.apache.catalina.core.AprLifecycleListener.lifecycleEvent The APR based Apache Tomcat Native library which allows optimal performance in production environments was not found on the java.library.path: [/home/vdeadmin/tools/apache-tomcat-current/shared/lib]
06-Jan-2019 10:04:17.313 INFO [main] org.apache.coyote.AbstractProtocol.init Initializing ProtocolHandler ["http-nio-8080"]
06-Jan-2019 10:04:17.339 INFO [main] org.apache.coyote.AbstractProtocol.init Initializing ProtocolHandler ["ajp-nio-8009"]
06-Jan-2019 10:04:17.342 INFO [main] org.apache.catalina.startup.Catalina.load Server initialization in [626] milliseconds
06-Jan-2019 10:04:17.389 INFO [main] org.apache.catalina.core.StandardService.startInternal Starting service [Catalina]
06-Jan-2019 10:04:17.390 INFO [main] org.apache.catalina.core.StandardEngine.startInternal Starting Servlet engine: [Apache Tomcat/9.0.14]
06-Jan-2019 10:04:17.407 INFO [main] org.apache.catalina.startup.HostConfig.deployWAR Deploying web application archive [/home/vdeadmin/tools/apache-tomcat-9.0.14/webapps/com.sgxtrial.war]
06-Jan-2019 10:04:17.864 INFO [main] org.apache.jasper.servlet.TldScanner.scanJars At least one JAR was scanned for TLDs yet contained no TLDs. Enable debug logging for this logger for a complete list of JARs that were scanned but no TLDs were found in them. Skipping unneeded JARs during scanning can improve startup time and JSP compilation time.
06-Jan-2019 10:04:17.925 INFO [main] org.apache.catalina.startup.HostConfig.deployWAR Deployment of web application archive [/home/vdeadmin/tools/apache-tomcat-9.0.14/webapps/com.sgxtrial.war] has finished in [518] ms
06-Jan-2019 10:04:17.925 INFO [main] org.apache.catalina.startup.HostConfig.deployDirectory Deploying web application directory [/home/vdeadmin/tools/apache-tomcat-9.0.14/webapps/manager]
06-Jan-2019 10:04:17.953 INFO [main] org.apache.catalina.startup.HostConfig.deployDirectory Deployment of web application directory [/home/vdeadmin/tools/apache-tomcat-9.0.14/webapps/manager] has finished in [28] ms
06-Jan-2019 10:04:17.954 INFO [main] org.apache.catalina.startup.HostConfig.deployDirectory Deploying web application directory [/home/vdeadmin/tools/apache-tomcat-9.0.14/webapps/host-manager]
06-Jan-2019 10:04:17.973 INFO [main] org.apache.catalina.startup.HostConfig.deployDirectory Deployment of web application directory [/home/vdeadmin/tools/apache-tomcat-9.0.14/webapps/host-manager] has finished in [19] ms
06-Jan-2019 10:04:17.973 INFO [main] org.apache.catalina.startup.HostConfig.deployDirectory Deploying web application directory [/home/vdeadmin/tools/apache-tomcat-9.0.14/webapps/ROOT]
06-Jan-2019 10:04:17.985 INFO [main] org.apache.catalina.startup.HostConfig.deployDirectory Deployment of web application directory [/home/vdeadmin/tools/apache-tomcat-9.0.14/webapps/ROOT] has finished in [12] ms
06-Jan-2019 10:04:17.986 INFO [main] org.apache.catalina.startup.HostConfig.deployDirectory Deploying web application directory [/home/vdeadmin/tools/apache-tomcat-9.0.14/webapps/docs]
06-Jan-2019 10:04:17.998 INFO [main] org.apache.catalina.startup.HostConfig.deployDirectory Deployment of web application directory [/home/vdeadmin/tools/apache-tomcat-9.0.14/webapps/docs] has finished in [12] ms
06-Jan-2019 10:04:17.998 INFO [main] org.apache.catalina.startup.HostConfig.deployDirectory Deploying web application directory [/home/vdeadmin/tools/apache-tomcat-9.0.14/webapps/examples]
06-Jan-2019 10:04:18.197 INFO [main] org.apache.catalina.startup.HostConfig.deployDirectory Deployment of web application directory [/home/vdeadmin/tools/apache-tomcat-9.0.14/webapps/examples] has finished in [199] ms
06-Jan-2019 10:04:18.200 INFO [main] org.apache.coyote.AbstractProtocol.start Starting ProtocolHandler ["http-nio-8080"]
06-Jan-2019 10:04:18.216 INFO [main] org.apache.coyote.AbstractProtocol.start Starting ProtocolHandler ["ajp-nio-8009"]
06-Jan-2019 10:04:18.224 INFO [main] org.apache.catalina.startup.Catalina.start Server startup in [881] milliseconds
06-Jan-2019 10:04:32.685 INFO [http-nio-8080-exec-1] com.sgxtrial.yyy.WebSocketServer.onOpen websocket connected.Thread[http-nio-8080-exec-1,5,main]
06-Jan-2019 10:04:32.689 INFO [http-nio-8080-exec-1] com.sgxtrial.yyy.WebSocketServer.onMessage receive msg with thread: Thread[http-nio-8080-exec-1,5,main]
06-Jan-2019 10:04:32.689 INFO [http-nio-8080-exec-1] com.sgxtrial.yyy.WebSocketServer.onMessage js msg:[B@5872056f
06-Jan-2019 10:04:32.721 INFO [http-nio-8080-exec-1] com.sgxtrial.yyy.WebSocketServer.onMessage enclave msg:[B@3bda255e
06-Jan-2019 10:04:32.744 INFO [http-nio-8080-exec-2] com.sgxtrial.yyy.WebSocketServer.onMessage receive msg with thread: Thread[http-nio-8080-exec-2,5,main]
06-Jan-2019 10:04:32.744 INFO [http-nio-8080-exec-2] com.sgxtrial.yyy.WebSocketServer.onMessage js msg:[B@783d364a
06-Jan-2019 10:04:32.744 INFO [http-nio-8080-exec-2] com.sgxtrial.yyy.WebSocketServer.onMessage enclave msg:[B@7c02ad95
06-Jan-2019 10:11:25.971 INFO [main] org.apache.catalina.core.StandardServer.await A valid shutdown command was received via the shutdown port. Stopping the Server instance.
06-Jan-2019 10:11:25.981 INFO [main] org.apache.coyote.AbstractProtocol.pause Pausing ProtocolHandler ["http-nio-8080"]
06-Jan-2019 10:11:25.985 INFO [main] org.apache.coyote.AbstractProtocol.pause Pausing ProtocolHandler ["ajp-nio-8009"]
06-Jan-2019 10:11:25.991 INFO [main] org.apache.catalina.core.StandardService.stopInternal Stopping service [Catalina]
06-Jan-2019 10:11:26.016 INFO [main] com.sgxtrial.yyy.WebSocketServer.onClose websocket closed
06-Jan-2019 10:11:26.030 INFO [main] org.apache.coyote.AbstractProtocol.stop Stopping ProtocolHandler ["http-nio-8080"]
06-Jan-2019 10:11:26.035 INFO [main] org.apache.coyote.AbstractProtocol.stop Stopping ProtocolHandler ["ajp-nio-8009"]
06-Jan-2019 10:11:26.042 INFO [main] org.apache.coyote.AbstractProtocol.destroy Destroying ProtocolHandler ["http-nio-8080"]
06-Jan-2019 10:11:26.043 INFO [main] org.apache.coyote.AbstractProtocol.destroy Destroying ProtocolHandler ["ajp-nio-8009"]
06-Jan-2019 10:11:26.732 INFO [main] org.apache.catalina.startup.VersionLoggerListener.log Server version name:   Apache Tomcat/9.0.14
06-Jan-2019 10:11:26.733 INFO [main] org.apache.catalina.startup.VersionLoggerListener.log Server built:          Dec 6 2018 21:13:53 UTC
06-Jan-2019 10:11:26.733 INFO [main] org.apache.catalina.startup.VersionLoggerListener.log Server version number: 9.0.14.0
06-Jan-2019 10:11:26.734 INFO [main] org.apache.catalina.startup.VersionLoggerListener.log OS Name:               Linux
06-Jan-2019 10:11:26.734 INFO [main] org.apache.catalina.startup.VersionLoggerListener.log OS Version:            4.15.0-43-generic
06-Jan-2019 10:11:26.734 INFO [main] org.apache.catalina.startup.VersionLoggerListener.log Architecture:          amd64
06-Jan-2019 10:11:26.734 INFO [main] org.apache.catalina.startup.VersionLoggerListener.log Java Home:             /opt/jdk1.8.0_191/jre
06-Jan-2019 10:11:26.734 INFO [main] org.apache.catalina.startup.VersionLoggerListener.log JVM Version:           1.8.0_191-b12
06-Jan-2019 10:11:26.734 INFO [main] org.apache.catalina.startup.VersionLoggerListener.log JVM Vendor:            Oracle Corporation
06-Jan-2019 10:11:26.734 INFO [main] org.apache.catalina.startup.VersionLoggerListener.log CATALINA_BASE:         /home/vdeadmin/tools/apache-tomcat-9.0.14
06-Jan-2019 10:11:26.734 INFO [main] org.apache.catalina.startup.VersionLoggerListener.log CATALINA_HOME:         /home/vdeadmin/tools/apache-tomcat-9.0.14
06-Jan-2019 10:11:26.734 INFO [main] org.apache.catalina.startup.VersionLoggerListener.log Command line argument: -Djava.util.logging.config.file=/home/vdeadmin/tools/apache-tomcat-current/conf/logging.properties
06-Jan-2019 10:11:26.735 INFO [main] org.apache.catalina.startup.VersionLoggerListener.log Command line argument: -Djava.util.logging.manager=org.apache.juli.ClassLoaderLogManager
06-Jan-2019 10:11:26.735 INFO [main] org.apache.catalina.startup.VersionLoggerListener.log Command line argument: -Djdk.tls.ephemeralDHKeySize=2048
06-Jan-2019 10:11:26.735 INFO [main] org.apache.catalina.startup.VersionLoggerListener.log Command line argument: -Djava.library.path=/home/vdeadmin/tools/apache-tomcat-current/shared/lib
06-Jan-2019 10:11:26.735 INFO [main] org.apache.catalina.startup.VersionLoggerListener.log Command line argument: -Djava.protocol.handler.pkgs=org.apache.catalina.webresources
06-Jan-2019 10:11:26.735 INFO [main] org.apache.catalina.startup.VersionLoggerListener.log Command line argument: -Dorg.apache.catalina.security.SecurityListener.UMASK=0027
06-Jan-2019 10:11:26.735 INFO [main] org.apache.catalina.startup.VersionLoggerListener.log Command line argument: -Dignore.endorsed.dirs=
06-Jan-2019 10:11:26.735 INFO [main] org.apache.catalina.startup.VersionLoggerListener.log Command line argument: -Dcatalina.base=/home/vdeadmin/tools/apache-tomcat-current
06-Jan-2019 10:11:26.735 INFO [main] org.apache.catalina.startup.VersionLoggerListener.log Command line argument: -Dcatalina.home=/home/vdeadmin/tools/apache-tomcat-current
06-Jan-2019 10:11:26.735 INFO [main] org.apache.catalina.startup.VersionLoggerListener.log Command line argument: -Djava.io.tmpdir=/home/vdeadmin/tools/apache-tomcat-current/temp
06-Jan-2019 10:11:26.735 INFO [main] org.apache.catalina.core.AprLifecycleListener.lifecycleEvent The APR based Apache Tomcat Native library which allows optimal performance in production environments was not found on the java.library.path: [/home/vdeadmin/tools/apache-tomcat-current/shared/lib]
06-Jan-2019 10:11:26.865 INFO [main] org.apache.coyote.AbstractProtocol.init Initializing ProtocolHandler ["http-nio-8080"]
06-Jan-2019 10:11:26.885 INFO [main] org.apache.coyote.AbstractProtocol.init Initializing ProtocolHandler ["ajp-nio-8009"]
06-Jan-2019 10:11:26.891 INFO [main] org.apache.catalina.startup.Catalina.load Server initialization in [538] milliseconds
06-Jan-2019 10:11:26.946 INFO [main] org.apache.catalina.core.StandardService.startInternal Starting service [Catalina]
06-Jan-2019 10:11:26.946 INFO [main] org.apache.catalina.core.StandardEngine.startInternal Starting Servlet engine: [Apache Tomcat/9.0.14]
06-Jan-2019 10:11:26.961 INFO [main] org.apache.catalina.startup.HostConfig.deployWAR Deploying web application archive [/home/vdeadmin/tools/apache-tomcat-9.0.14/webapps/com.sgxtrial.war]
06-Jan-2019 10:11:27.344 INFO [main] org.apache.jasper.servlet.TldScanner.scanJars At least one JAR was scanned for TLDs yet contained no TLDs. Enable debug logging for this logger for a complete list of JARs that were scanned but no TLDs were found in them. Skipping unneeded JARs during scanning can improve startup time and JSP compilation time.
06-Jan-2019 10:11:27.397 INFO [main] org.apache.catalina.startup.HostConfig.deployWAR Deployment of web application archive [/home/vdeadmin/tools/apache-tomcat-9.0.14/webapps/com.sgxtrial.war] has finished in [436] ms
06-Jan-2019 10:11:27.398 INFO [main] org.apache.catalina.startup.HostConfig.deployDirectory Deploying web application directory [/home/vdeadmin/tools/apache-tomcat-9.0.14/webapps/manager]
06-Jan-2019 10:11:27.423 INFO [main] org.apache.catalina.startup.HostConfig.deployDirectory Deployment of web application directory [/home/vdeadmin/tools/apache-tomcat-9.0.14/webapps/manager] has finished in [25] ms
06-Jan-2019 10:11:27.423 INFO [main] org.apache.catalina.startup.HostConfig.deployDirectory Deploying web application directory [/home/vdeadmin/tools/apache-tomcat-9.0.14/webapps/host-manager]
06-Jan-2019 10:11:27.438 INFO [main] org.apache.catalina.startup.HostConfig.deployDirectory Deployment of web application directory [/home/vdeadmin/tools/apache-tomcat-9.0.14/webapps/host-manager] has finished in [15] ms
06-Jan-2019 10:11:27.438 INFO [main] org.apache.catalina.startup.HostConfig.deployDirectory Deploying web application directory [/home/vdeadmin/tools/apache-tomcat-9.0.14/webapps/ROOT]
06-Jan-2019 10:11:27.450 INFO [main] org.apache.catalina.startup.HostConfig.deployDirectory Deployment of web application directory [/home/vdeadmin/tools/apache-tomcat-9.0.14/webapps/ROOT] has finished in [12] ms
06-Jan-2019 10:11:27.450 INFO [main] org.apache.catalina.startup.HostConfig.deployDirectory Deploying web application directory [/home/vdeadmin/tools/apache-tomcat-9.0.14/webapps/docs]
06-Jan-2019 10:11:27.465 INFO [main] org.apache.catalina.startup.HostConfig.deployDirectory Deployment of web application directory [/home/vdeadmin/tools/apache-tomcat-9.0.14/webapps/docs] has finished in [15] ms
06-Jan-2019 10:11:27.465 INFO [main] org.apache.catalina.startup.HostConfig.deployDirectory Deploying web application directory [/home/vdeadmin/tools/apache-tomcat-9.0.14/webapps/examples]
06-Jan-2019 10:11:27.661 INFO [main] org.apache.catalina.startup.HostConfig.deployDirectory Deployment of web application directory [/home/vdeadmin/tools/apache-tomcat-9.0.14/webapps/examples] has finished in [196] ms
06-Jan-2019 10:11:27.664 INFO [main] org.apache.coyote.AbstractProtocol.start Starting ProtocolHandler ["http-nio-8080"]
06-Jan-2019 10:11:27.672 INFO [main] org.apache.coyote.AbstractProtocol.start Starting ProtocolHandler ["ajp-nio-8009"]
06-Jan-2019 10:11:27.679 INFO [main] org.apache.catalina.startup.Catalina.start Server startup in [787] milliseconds
06-Jan-2019 10:11:39.561 INFO [http-nio-8080-exec-1] com.sgxtrial.yyy.WebSocketServer.onOpen websocket connected.Thread[http-nio-8080-exec-1,5,main]
06-Jan-2019 10:11:39.565 INFO [http-nio-8080-exec-2] com.sgxtrial.yyy.WebSocketServer.onMessage receive msg with thread: Thread[http-nio-8080-exec-2,5,main]
06-Jan-2019 10:11:39.566 INFO [http-nio-8080-exec-2] com.sgxtrial.yyy.WebSocketServer.onMessage js msg:[B@2b0d2ce7
06-Jan-2019 10:11:39.604 INFO [http-nio-8080-exec-2] com.sgxtrial.yyy.WebSocketServer.onMessage enclave msg:[B@8fca264
06-Jan-2019 10:11:39.619 INFO [http-nio-8080-exec-3] com.sgxtrial.yyy.WebSocketServer.onMessage receive msg with thread: Thread[http-nio-8080-exec-3,5,main]
06-Jan-2019 10:11:39.619 INFO [http-nio-8080-exec-3] com.sgxtrial.yyy.WebSocketServer.onMessage js msg:[B@618a836d
06-Jan-2019 10:11:39.619 INFO [http-nio-8080-exec-3] com.sgxtrial.yyy.WebSocketServer.onMessage enclave msg:[B@6f4d612c
06-Jan-2019 19:45:30.128 INFO [main] org.apache.catalina.core.StandardServer.await A valid shutdown command was received via the shutdown port. Stopping the Server instance.
06-Jan-2019 19:45:30.161 INFO [main] org.apache.coyote.AbstractProtocol.pause Pausing ProtocolHandler ["http-nio-8080"]
06-Jan-2019 19:45:30.234 INFO [main] org.apache.coyote.AbstractProtocol.pause Pausing ProtocolHandler ["ajp-nio-8009"]
06-Jan-2019 19:45:30.241 INFO [main] org.apache.catalina.core.StandardService.stopInternal Stopping service [Catalina]
06-Jan-2019 19:45:30.463 INFO [main] com.sgxtrial.yyy.WebSocketServer.onClose websocket closed
06-Jan-2019 19:45:30.524 INFO [main] org.apache.coyote.AbstractProtocol.stop Stopping ProtocolHandler ["http-nio-8080"]
06-Jan-2019 19:45:30.613 INFO [main] org.apache.coyote.AbstractProtocol.stop Stopping ProtocolHandler ["ajp-nio-8009"]
06-Jan-2019 19:45:30.681 INFO [main] org.apache.coyote.AbstractProtocol.destroy Destroying ProtocolHandler ["http-nio-8080"]
06-Jan-2019 19:45:30.696 INFO [main] org.apache.coyote.AbstractProtocol.destroy Destroying ProtocolHandler ["ajp-nio-8009"]
06-Jan-2019 19:45:31.441 INFO [main] org.apache.catalina.startup.VersionLoggerListener.log Server version name:   Apache Tomcat/9.0.14
06-Jan-2019 19:45:31.446 INFO [main] org.apache.catalina.startup.VersionLoggerListener.log Server built:          Dec 6 2018 21:13:53 UTC
06-Jan-2019 19:45:31.446 INFO [main] org.apache.catalina.startup.VersionLoggerListener.log Server version number: 9.0.14.0
06-Jan-2019 19:45:31.446 INFO [main] org.apache.catalina.startup.VersionLoggerListener.log OS Name:               Linux
06-Jan-2019 19:45:31.447 INFO [main] org.apache.catalina.startup.VersionLoggerListener.log OS Version:            4.15.0-43-generic
06-Jan-2019 19:45:31.447 INFO [main] org.apache.catalina.startup.VersionLoggerListener.log Architecture:          amd64
06-Jan-2019 19:45:31.447 INFO [main] org.apache.catalina.startup.VersionLoggerListener.log Java Home:             /opt/jdk1.8.0_191/jre
06-Jan-2019 19:45:31.447 INFO [main] org.apache.catalina.startup.VersionLoggerListener.log JVM Version:           1.8.0_191-b12
06-Jan-2019 19:45:31.447 INFO [main] org.apache.catalina.startup.VersionLoggerListener.log JVM Vendor:            Oracle Corporation
06-Jan-2019 19:45:31.447 INFO [main] org.apache.catalina.startup.VersionLoggerListener.log CATALINA_BASE:         /home/vdeadmin/tools/apache-tomcat-9.0.14
06-Jan-2019 19:45:31.447 INFO [main] org.apache.catalina.startup.VersionLoggerListener.log CATALINA_HOME:         /home/vdeadmin/tools/apache-tomcat-9.0.14
06-Jan-2019 19:45:31.448 INFO [main] org.apache.catalina.startup.VersionLoggerListener.log Command line argument: -Djava.util.logging.config.file=/home/vdeadmin/tools/apache-tomcat-current/conf/logging.properties
06-Jan-2019 19:45:31.448 INFO [main] org.apache.catalina.startup.VersionLoggerListener.log Command line argument: -Djava.util.logging.manager=org.apache.juli.ClassLoaderLogManager
06-Jan-2019 19:45:31.448 INFO [main] org.apache.catalina.startup.VersionLoggerListener.log Command line argument: -Djdk.tls.ephemeralDHKeySize=2048
06-Jan-2019 19:45:31.448 INFO [main] org.apache.catalina.startup.VersionLoggerListener.log Command line argument: -Djava.library.path=/home/vdeadmin/tools/apache-tomcat-current/shared/lib
06-Jan-2019 19:45:31.448 INFO [main] org.apache.catalina.startup.VersionLoggerListener.log Command line argument: -Djava.protocol.handler.pkgs=org.apache.catalina.webresources
06-Jan-2019 19:45:31.448 INFO [main] org.apache.catalina.startup.VersionLoggerListener.log Command line argument: -Dorg.apache.catalina.security.SecurityListener.UMASK=0027
06-Jan-2019 19:45:31.448 INFO [main] org.apache.catalina.startup.VersionLoggerListener.log Command line argument: -Dignore.endorsed.dirs=
06-Jan-2019 19:45:31.448 INFO [main] org.apache.catalina.startup.VersionLoggerListener.log Command line argument: -Dcatalina.base=/home/vdeadmin/tools/apache-tomcat-current
06-Jan-2019 19:45:31.448 INFO [main] org.apache.catalina.startup.VersionLoggerListener.log Command line argument: -Dcatalina.home=/home/vdeadmin/tools/apache-tomcat-current
06-Jan-2019 19:45:31.448 INFO [main] org.apache.catalina.startup.VersionLoggerListener.log Command line argument: -Djava.io.tmpdir=/home/vdeadmin/tools/apache-tomcat-current/temp
06-Jan-2019 19:45:31.448 INFO [main] org.apache.catalina.core.AprLifecycleListener.lifecycleEvent The APR based Apache Tomcat Native library which allows optimal performance in production environments was not found on the java.library.path: [/home/vdeadmin/tools/apache-tomcat-current/shared/lib]
06-Jan-2019 19:45:31.640 INFO [main] org.apache.coyote.AbstractProtocol.init Initializing ProtocolHandler ["http-nio-8080"]
06-Jan-2019 19:45:31.691 INFO [main] org.apache.coyote.AbstractProtocol.init Initializing ProtocolHandler ["ajp-nio-8009"]
06-Jan-2019 19:45:31.705 INFO [main] org.apache.catalina.startup.Catalina.load Server initialization in [1,127] milliseconds
06-Jan-2019 19:45:31.771 INFO [main] org.apache.catalina.core.StandardService.startInternal Starting service [Catalina]
06-Jan-2019 19:45:31.771 INFO [main] org.apache.catalina.core.StandardEngine.startInternal Starting Servlet engine: [Apache Tomcat/9.0.14]
06-Jan-2019 19:45:31.804 INFO [main] org.apache.catalina.startup.HostConfig.deployWAR Deploying web application archive [/home/vdeadmin/tools/apache-tomcat-9.0.14/webapps/com.sgxtrial.war]
06-Jan-2019 19:45:32.457 INFO [main] org.apache.jasper.servlet.TldScanner.scanJars At least one JAR was scanned for TLDs yet contained no TLDs. Enable debug logging for this logger for a complete list of JARs that were scanned but no TLDs were found in them. Skipping unneeded JARs during scanning can improve startup time and JSP compilation time.
06-Jan-2019 19:45:32.560 INFO [main] org.apache.catalina.startup.HostConfig.deployWAR Deployment of web application archive [/home/vdeadmin/tools/apache-tomcat-9.0.14/webapps/com.sgxtrial.war] has finished in [756] ms
06-Jan-2019 19:45:32.565 INFO [main] org.apache.catalina.startup.HostConfig.deployDirectory Deploying web application directory [/home/vdeadmin/tools/apache-tomcat-9.0.14/webapps/manager]
06-Jan-2019 19:45:32.608 INFO [main] org.apache.catalina.startup.HostConfig.deployDirectory Deployment of web application directory [/home/vdeadmin/tools/apache-tomcat-9.0.14/webapps/manager] has finished in [42] ms
06-Jan-2019 19:45:32.608 INFO [main] org.apache.catalina.startup.HostConfig.deployDirectory Deploying web application directory [/home/vdeadmin/tools/apache-tomcat-9.0.14/webapps/host-manager]
06-Jan-2019 19:45:32.628 INFO [main] org.apache.catalina.startup.HostConfig.deployDirectory Deployment of web application directory [/home/vdeadmin/tools/apache-tomcat-9.0.14/webapps/host-manager] has finished in [19] ms
06-Jan-2019 19:45:32.628 INFO [main] org.apache.catalina.startup.HostConfig.deployDirectory Deploying web application directory [/home/vdeadmin/tools/apache-tomcat-9.0.14/webapps/ROOT]
06-Jan-2019 19:45:32.640 INFO [main] org.apache.catalina.startup.HostConfig.deployDirectory Deployment of web application directory [/home/vdeadmin/tools/apache-tomcat-9.0.14/webapps/ROOT] has finished in [12] ms
06-Jan-2019 19:45:32.641 INFO [main] org.apache.catalina.startup.HostConfig.deployDirectory Deploying web application directory [/home/vdeadmin/tools/apache-tomcat-9.0.14/webapps/docs]
06-Jan-2019 19:45:32.651 INFO [main] org.apache.catalina.startup.HostConfig.deployDirectory Deployment of web application directory [/home/vdeadmin/tools/apache-tomcat-9.0.14/webapps/docs] has finished in [11] ms
06-Jan-2019 19:45:32.654 INFO [main] org.apache.catalina.startup.HostConfig.deployDirectory Deploying web application directory [/home/vdeadmin/tools/apache-tomcat-9.0.14/webapps/examples]
06-Jan-2019 19:45:32.897 INFO [main] org.apache.catalina.startup.HostConfig.deployDirectory Deployment of web application directory [/home/vdeadmin/tools/apache-tomcat-9.0.14/webapps/examples] has finished in [244] ms
06-Jan-2019 19:45:32.900 INFO [main] org.apache.coyote.AbstractProtocol.start Starting ProtocolHandler ["http-nio-8080"]
06-Jan-2019 19:45:32.934 INFO [main] org.apache.coyote.AbstractProtocol.start Starting ProtocolHandler ["ajp-nio-8009"]
06-Jan-2019 19:45:32.943 INFO [main] org.apache.catalina.startup.Catalina.start Server startup in [1,238] milliseconds
06-Jan-2019 19:45:45.704 INFO [http-nio-8080-exec-1] com.sgxtrial.yyy.WebSocketServer.onOpen websocket connected.Thread[http-nio-8080-exec-1,5,main]
06-Jan-2019 19:45:45.742 INFO [http-nio-8080-exec-2] com.sgxtrial.yyy.WebSocketServer.onMessage receive msg with thread: Thread[http-nio-8080-exec-2,5,main]
06-Jan-2019 19:45:45.744 INFO [http-nio-8080-exec-2] com.sgxtrial.yyy.WebSocketServer.onMessage js msg:[B@7ad4c805
06-Jan-2019 19:45:45.785 INFO [http-nio-8080-exec-2] com.sgxtrial.yyy.WebSocketServer.onMessage enclave msg:[B@4946608e
06-Jan-2019 19:45:45.909 INFO [http-nio-8080-exec-3] com.sgxtrial.yyy.WebSocketServer.onMessage receive msg with thread: Thread[http-nio-8080-exec-3,5,main]
06-Jan-2019 19:45:45.909 INFO [http-nio-8080-exec-3] com.sgxtrial.yyy.WebSocketServer.onMessage js msg:[B@3413ff90
06-Jan-2019 19:45:45.910 INFO [http-nio-8080-exec-3] com.sgxtrial.yyy.WebSocketServer.onMessage enclave msg:[B@3ad41762
06-Jan-2019 19:49:33.697 INFO [main] org.apache.catalina.core.StandardServer.await A valid shutdown command was received via the shutdown port. Stopping the Server instance.
06-Jan-2019 19:49:33.698 INFO [main] org.apache.coyote.AbstractProtocol.pause Pausing ProtocolHandler ["http-nio-8080"]
06-Jan-2019 19:49:33.706 INFO [main] org.apache.coyote.AbstractProtocol.pause Pausing ProtocolHandler ["ajp-nio-8009"]
06-Jan-2019 19:49:33.707 INFO [main] org.apache.catalina.core.StandardService.stopInternal Stopping service [Catalina]
06-Jan-2019 19:49:33.727 INFO [main] com.sgxtrial.yyy.WebSocketServer.onClose websocket closed
06-Jan-2019 19:49:33.736 INFO [main] org.apache.coyote.AbstractProtocol.stop Stopping ProtocolHandler ["http-nio-8080"]
06-Jan-2019 19:49:33.739 INFO [main] org.apache.coyote.AbstractProtocol.stop Stopping ProtocolHandler ["ajp-nio-8009"]
06-Jan-2019 19:49:33.741 INFO [main] org.apache.coyote.AbstractProtocol.destroy Destroying ProtocolHandler ["http-nio-8080"]
06-Jan-2019 19:49:33.745 INFO [main] org.apache.coyote.AbstractProtocol.destroy Destroying ProtocolHandler ["ajp-nio-8009"]
06-Jan-2019 19:49:34.294 INFO [main] org.apache.catalina.startup.VersionLoggerListener.log Server version name:   Apache Tomcat/9.0.14
06-Jan-2019 19:49:34.296 INFO [main] org.apache.catalina.startup.VersionLoggerListener.log Server built:          Dec 6 2018 21:13:53 UTC
06-Jan-2019 19:49:34.296 INFO [main] org.apache.catalina.startup.VersionLoggerListener.log Server version number: 9.0.14.0
06-Jan-2019 19:49:34.297 INFO [main] org.apache.catalina.startup.VersionLoggerListener.log OS Name:               Linux
06-Jan-2019 19:49:34.297 INFO [main] org.apache.catalina.startup.VersionLoggerListener.log OS Version:            4.15.0-43-generic
06-Jan-2019 19:49:34.297 INFO [main] org.apache.catalina.startup.VersionLoggerListener.log Architecture:          amd64
06-Jan-2019 19:49:34.297 INFO [main] org.apache.catalina.startup.VersionLoggerListener.log Java Home:             /opt/jdk1.8.0_191/jre
06-Jan-2019 19:49:34.297 INFO [main] org.apache.catalina.startup.VersionLoggerListener.log JVM Version:           1.8.0_191-b12
06-Jan-2019 19:49:34.297 INFO [main] org.apache.catalina.startup.VersionLoggerListener.log JVM Vendor:            Oracle Corporation
06-Jan-2019 19:49:34.297 INFO [main] org.apache.catalina.startup.VersionLoggerListener.log CATALINA_BASE:         /home/vdeadmin/tools/apache-tomcat-9.0.14
06-Jan-2019 19:49:34.297 INFO [main] org.apache.catalina.startup.VersionLoggerListener.log CATALINA_HOME:         /home/vdeadmin/tools/apache-tomcat-9.0.14
06-Jan-2019 19:49:34.298 INFO [main] org.apache.catalina.startup.VersionLoggerListener.log Command line argument: -Djava.util.logging.config.file=/home/vdeadmin/tools/apache-tomcat-current/conf/logging.properties
06-Jan-2019 19:49:34.298 INFO [main] org.apache.catalina.startup.VersionLoggerListener.log Command line argument: -Djava.util.logging.manager=org.apache.juli.ClassLoaderLogManager
06-Jan-2019 19:49:34.298 INFO [main] org.apache.catalina.startup.VersionLoggerListener.log Command line argument: -Djdk.tls.ephemeralDHKeySize=2048
06-Jan-2019 19:49:34.298 INFO [main] org.apache.catalina.startup.VersionLoggerListener.log Command line argument: -Djava.library.path=/home/vdeadmin/tools/apache-tomcat-current/shared/lib
06-Jan-2019 19:49:34.298 INFO [main] org.apache.catalina.startup.VersionLoggerListener.log Command line argument: -Djava.protocol.handler.pkgs=org.apache.catalina.webresources
06-Jan-2019 19:49:34.298 INFO [main] org.apache.catalina.startup.VersionLoggerListener.log Command line argument: -Dorg.apache.catalina.security.SecurityListener.UMASK=0027
06-Jan-2019 19:49:34.299 INFO [main] org.apache.catalina.startup.VersionLoggerListener.log Command line argument: -Dignore.endorsed.dirs=
06-Jan-2019 19:49:34.299 INFO [main] org.apache.catalina.startup.VersionLoggerListener.log Command line argument: -Dcatalina.base=/home/vdeadmin/tools/apache-tomcat-current
06-Jan-2019 19:49:34.306 INFO [main] org.apache.catalina.startup.VersionLoggerListener.log Command line argument: -Dcatalina.home=/home/vdeadmin/tools/apache-tomcat-current
06-Jan-2019 19:49:34.306 INFO [main] org.apache.catalina.startup.VersionLoggerListener.log Command line argument: -Djava.io.tmpdir=/home/vdeadmin/tools/apache-tomcat-current/temp
06-Jan-2019 19:49:34.307 INFO [main] org.apache.catalina.core.AprLifecycleListener.lifecycleEvent The APR based Apache Tomcat Native library which allows optimal performance in production environments was not found on the java.library.path: [/home/vdeadmin/tools/apache-tomcat-current/shared/lib]
06-Jan-2019 19:49:34.440 INFO [main] org.apache.coyote.AbstractProtocol.init Initializing ProtocolHandler ["http-nio-8080"]
06-Jan-2019 19:49:34.459 INFO [main] org.apache.coyote.AbstractProtocol.init Initializing ProtocolHandler ["ajp-nio-8009"]
06-Jan-2019 19:49:34.464 INFO [main] org.apache.catalina.startup.Catalina.load Server initialization in [504] milliseconds
06-Jan-2019 19:49:34.509 INFO [main] org.apache.catalina.core.StandardService.startInternal Starting service [Catalina]
06-Jan-2019 19:49:34.509 INFO [main] org.apache.catalina.core.StandardEngine.startInternal Starting Servlet engine: [Apache Tomcat/9.0.14]
06-Jan-2019 19:49:34.525 INFO [main] org.apache.catalina.startup.HostConfig.deployWAR Deploying web application archive [/home/vdeadmin/tools/apache-tomcat-9.0.14/webapps/com.sgxtrial.war]
06-Jan-2019 19:49:34.928 INFO [main] org.apache.jasper.servlet.TldScanner.scanJars At least one JAR was scanned for TLDs yet contained no TLDs. Enable debug logging for this logger for a complete list of JARs that were scanned but no TLDs were found in them. Skipping unneeded JARs during scanning can improve startup time and JSP compilation time.
06-Jan-2019 19:49:34.987 INFO [main] org.apache.catalina.startup.HostConfig.deployWAR Deployment of web application archive [/home/vdeadmin/tools/apache-tomcat-9.0.14/webapps/com.sgxtrial.war] has finished in [462] ms
06-Jan-2019 19:49:34.988 INFO [main] org.apache.catalina.startup.HostConfig.deployDirectory Deploying web application directory [/home/vdeadmin/tools/apache-tomcat-9.0.14/webapps/manager]
06-Jan-2019 19:49:35.016 INFO [main] org.apache.catalina.startup.HostConfig.deployDirectory Deployment of web application directory [/home/vdeadmin/tools/apache-tomcat-9.0.14/webapps/manager] has finished in [28] ms
06-Jan-2019 19:49:35.016 INFO [main] org.apache.catalina.startup.HostConfig.deployDirectory Deploying web application directory [/home/vdeadmin/tools/apache-tomcat-9.0.14/webapps/host-manager]
06-Jan-2019 19:49:35.034 INFO [main] org.apache.catalina.startup.HostConfig.deployDirectory Deployment of web application directory [/home/vdeadmin/tools/apache-tomcat-9.0.14/webapps/host-manager] has finished in [18] ms
06-Jan-2019 19:49:35.034 INFO [main] org.apache.catalina.startup.HostConfig.deployDirectory Deploying web application directory [/home/vdeadmin/tools/apache-tomcat-9.0.14/webapps/ROOT]
06-Jan-2019 19:49:35.049 INFO [main] org.apache.catalina.startup.HostConfig.deployDirectory Deployment of web application directory [/home/vdeadmin/tools/apache-tomcat-9.0.14/webapps/ROOT] has finished in [15] ms
06-Jan-2019 19:49:35.050 INFO [main] org.apache.catalina.startup.HostConfig.deployDirectory Deploying web application directory [/home/vdeadmin/tools/apache-tomcat-9.0.14/webapps/docs]
06-Jan-2019 19:49:35.062 INFO [main] org.apache.catalina.startup.HostConfig.deployDirectory Deployment of web application directory [/home/vdeadmin/tools/apache-tomcat-9.0.14/webapps/docs] has finished in [12] ms
06-Jan-2019 19:49:35.063 INFO [main] org.apache.catalina.startup.HostConfig.deployDirectory Deploying web application directory [/home/vdeadmin/tools/apache-tomcat-9.0.14/webapps/examples]
06-Jan-2019 19:49:35.224 INFO [main] org.apache.catalina.startup.HostConfig.deployDirectory Deployment of web application directory [/home/vdeadmin/tools/apache-tomcat-9.0.14/webapps/examples] has finished in [161] ms
06-Jan-2019 19:49:35.227 INFO [main] org.apache.coyote.AbstractProtocol.start Starting ProtocolHandler ["http-nio-8080"]
06-Jan-2019 19:49:35.238 INFO [main] org.apache.coyote.AbstractProtocol.start Starting ProtocolHandler ["ajp-nio-8009"]
06-Jan-2019 19:49:35.242 INFO [main] org.apache.catalina.startup.Catalina.start Server startup in [777] milliseconds
06-Jan-2019 19:49:44.073 INFO [http-nio-8080-exec-1] com.sgxtrial.yyy.WebSocketServer.onOpen websocket connected.Thread[http-nio-8080-exec-1,5,main]
06-Jan-2019 19:49:44.089 INFO [http-nio-8080-exec-2] com.sgxtrial.yyy.WebSocketServer.onMessage receive msg with thread: Thread[http-nio-8080-exec-2,5,main]
06-Jan-2019 19:49:44.090 INFO [http-nio-8080-exec-2] com.sgxtrial.yyy.WebSocketServer.onMessage js msg:[B@7ad4c805
06-Jan-2019 19:49:44.102 INFO [http-nio-8080-exec-2] com.sgxtrial.yyy.WebSocketServer.onMessage enclave msg:[B@4946608e
06-Jan-2019 19:49:44.162 INFO [http-nio-8080-exec-3] com.sgxtrial.yyy.WebSocketServer.onMessage receive msg with thread: Thread[http-nio-8080-exec-3,5,main]
06-Jan-2019 19:49:44.162 INFO [http-nio-8080-exec-3] com.sgxtrial.yyy.WebSocketServer.onMessage js msg:[B@3413ff90
06-Jan-2019 19:49:44.162 INFO [http-nio-8080-exec-3] com.sgxtrial.yyy.WebSocketServer.onMessage enclave msg:[B@3ad41762
06-Jan-2019 19:51:21.654 INFO [main] org.apache.catalina.core.StandardServer.await A valid shutdown command was received via the shutdown port. Stopping the Server instance.
06-Jan-2019 19:51:21.655 INFO [main] org.apache.coyote.AbstractProtocol.pause Pausing ProtocolHandler ["http-nio-8080"]
06-Jan-2019 19:51:21.663 INFO [main] org.apache.coyote.AbstractProtocol.pause Pausing ProtocolHandler ["ajp-nio-8009"]
06-Jan-2019 19:51:21.669 INFO [main] org.apache.catalina.core.StandardService.stopInternal Stopping service [Catalina]
06-Jan-2019 19:51:21.694 INFO [main] com.sgxtrial.yyy.WebSocketServer.onClose websocket closed
06-Jan-2019 19:51:21.709 INFO [main] org.apache.coyote.AbstractProtocol.stop Stopping ProtocolHandler ["http-nio-8080"]
06-Jan-2019 19:51:21.720 INFO [main] org.apache.coyote.AbstractProtocol.stop Stopping ProtocolHandler ["ajp-nio-8009"]
06-Jan-2019 19:51:21.723 INFO [main] org.apache.coyote.AbstractProtocol.destroy Destroying ProtocolHandler ["http-nio-8080"]
06-Jan-2019 19:51:21.726 INFO [main] org.apache.coyote.AbstractProtocol.destroy Destroying ProtocolHandler ["ajp-nio-8009"]
06-Jan-2019 19:51:22.306 INFO [main] org.apache.catalina.startup.VersionLoggerListener.log Server version name:   Apache Tomcat/9.0.14
06-Jan-2019 19:51:22.308 INFO [main] org.apache.catalina.startup.VersionLoggerListener.log Server built:          Dec 6 2018 21:13:53 UTC
06-Jan-2019 19:51:22.309 INFO [main] org.apache.catalina.startup.VersionLoggerListener.log Server version number: 9.0.14.0
06-Jan-2019 19:51:22.309 INFO [main] org.apache.catalina.startup.VersionLoggerListener.log OS Name:               Linux
06-Jan-2019 19:51:22.309 INFO [main] org.apache.catalina.startup.VersionLoggerListener.log OS Version:            4.15.0-43-generic
06-Jan-2019 19:51:22.309 INFO [main] org.apache.catalina.startup.VersionLoggerListener.log Architecture:          amd64
06-Jan-2019 19:51:22.310 INFO [main] org.apache.catalina.startup.VersionLoggerListener.log Java Home:             /opt/jdk1.8.0_191/jre
06-Jan-2019 19:51:22.310 INFO [main] org.apache.catalina.startup.VersionLoggerListener.log JVM Version:           1.8.0_191-b12
06-Jan-2019 19:51:22.310 INFO [main] org.apache.catalina.startup.VersionLoggerListener.log JVM Vendor:            Oracle Corporation
06-Jan-2019 19:51:22.310 INFO [main] org.apache.catalina.startup.VersionLoggerListener.log CATALINA_BASE:         /home/vdeadmin/tools/apache-tomcat-9.0.14
06-Jan-2019 19:51:22.311 INFO [main] org.apache.catalina.startup.VersionLoggerListener.log CATALINA_HOME:         /home/vdeadmin/tools/apache-tomcat-9.0.14
06-Jan-2019 19:51:22.311 INFO [main] org.apache.catalina.startup.VersionLoggerListener.log Command line argument: -Djava.util.logging.config.file=/home/vdeadmin/tools/apache-tomcat-current/conf/logging.properties
06-Jan-2019 19:51:22.311 INFO [main] org.apache.catalina.startup.VersionLoggerListener.log Command line argument: -Djava.util.logging.manager=org.apache.juli.ClassLoaderLogManager
06-Jan-2019 19:51:22.311 INFO [main] org.apache.catalina.startup.VersionLoggerListener.log Command line argument: -Djdk.tls.ephemeralDHKeySize=2048
06-Jan-2019 19:51:22.312 INFO [main] org.apache.catalina.startup.VersionLoggerListener.log Command line argument: -Djava.library.path=/home/vdeadmin/tools/apache-tomcat-current/shared/lib
06-Jan-2019 19:51:22.312 INFO [main] org.apache.catalina.startup.VersionLoggerListener.log Command line argument: -Djava.protocol.handler.pkgs=org.apache.catalina.webresources
06-Jan-2019 19:51:22.312 INFO [main] org.apache.catalina.startup.VersionLoggerListener.log Command line argument: -Dorg.apache.catalina.security.SecurityListener.UMASK=0027
06-Jan-2019 19:51:22.313 INFO [main] org.apache.catalina.startup.VersionLoggerListener.log Command line argument: -Dignore.endorsed.dirs=
06-Jan-2019 19:51:22.313 INFO [main] org.apache.catalina.startup.VersionLoggerListener.log Command line argument: -Dcatalina.base=/home/vdeadmin/tools/apache-tomcat-current
06-Jan-2019 19:51:22.316 INFO [main] org.apache.catalina.startup.VersionLoggerListener.log Command line argument: -Dcatalina.home=/home/vdeadmin/tools/apache-tomcat-current
06-Jan-2019 19:51:22.316 INFO [main] org.apache.catalina.startup.VersionLoggerListener.log Command line argument: -Djava.io.tmpdir=/home/vdeadmin/tools/apache-tomcat-current/temp
06-Jan-2019 19:51:22.316 INFO [main] org.apache.catalina.core.AprLifecycleListener.lifecycleEvent The APR based Apache Tomcat Native library which allows optimal performance in production environments was not found on the java.library.path: [/home/vdeadmin/tools/apache-tomcat-current/shared/lib]
06-Jan-2019 19:51:22.424 INFO [main] org.apache.coyote.AbstractProtocol.init Initializing ProtocolHandler ["http-nio-8080"]
06-Jan-2019 19:51:22.444 INFO [main] org.apache.coyote.AbstractProtocol.init Initializing ProtocolHandler ["ajp-nio-8009"]
06-Jan-2019 19:51:22.448 INFO [main] org.apache.catalina.startup.Catalina.load Server initialization in [504] milliseconds
06-Jan-2019 19:51:22.491 INFO [main] org.apache.catalina.core.StandardService.startInternal Starting service [Catalina]
06-Jan-2019 19:51:22.491 INFO [main] org.apache.catalina.core.StandardEngine.startInternal Starting Servlet engine: [Apache Tomcat/9.0.14]
06-Jan-2019 19:51:22.505 INFO [main] org.apache.catalina.startup.HostConfig.deployWAR Deploying web application archive [/home/vdeadmin/tools/apache-tomcat-9.0.14/webapps/com.sgxtrial.war]
06-Jan-2019 19:51:22.895 INFO [main] org.apache.jasper.servlet.TldScanner.scanJars At least one JAR was scanned for TLDs yet contained no TLDs. Enable debug logging for this logger for a complete list of JARs that were scanned but no TLDs were found in them. Skipping unneeded JARs during scanning can improve startup time and JSP compilation time.
06-Jan-2019 19:51:22.947 INFO [main] org.apache.catalina.startup.HostConfig.deployWAR Deployment of web application archive [/home/vdeadmin/tools/apache-tomcat-9.0.14/webapps/com.sgxtrial.war] has finished in [443] ms
06-Jan-2019 19:51:22.948 INFO [main] org.apache.catalina.startup.HostConfig.deployDirectory Deploying web application directory [/home/vdeadmin/tools/apache-tomcat-9.0.14/webapps/manager]
06-Jan-2019 19:51:22.977 INFO [main] org.apache.catalina.startup.HostConfig.deployDirectory Deployment of web application directory [/home/vdeadmin/tools/apache-tomcat-9.0.14/webapps/manager] has finished in [29] ms
06-Jan-2019 19:51:22.977 INFO [main] org.apache.catalina.startup.HostConfig.deployDirectory Deploying web application directory [/home/vdeadmin/tools/apache-tomcat-9.0.14/webapps/host-manager]
06-Jan-2019 19:51:22.992 INFO [main] org.apache.catalina.startup.HostConfig.deployDirectory Deployment of web application directory [/home/vdeadmin/tools/apache-tomcat-9.0.14/webapps/host-manager] has finished in [14] ms
06-Jan-2019 19:51:22.992 INFO [main] org.apache.catalina.startup.HostConfig.deployDirectory Deploying web application directory [/home/vdeadmin/tools/apache-tomcat-9.0.14/webapps/ROOT]
06-Jan-2019 19:51:23.004 INFO [main] org.apache.catalina.startup.HostConfig.deployDirectory Deployment of web application directory [/home/vdeadmin/tools/apache-tomcat-9.0.14/webapps/ROOT] has finished in [12] ms
06-Jan-2019 19:51:23.004 INFO [main] org.apache.catalina.startup.HostConfig.deployDirectory Deploying web application directory [/home/vdeadmin/tools/apache-tomcat-9.0.14/webapps/docs]
06-Jan-2019 19:51:23.018 INFO [main] org.apache.catalina.startup.HostConfig.deployDirectory Deployment of web application directory [/home/vdeadmin/tools/apache-tomcat-9.0.14/webapps/docs] has finished in [14] ms
06-Jan-2019 19:51:23.018 INFO [main] org.apache.catalina.startup.HostConfig.deployDirectory Deploying web application directory [/home/vdeadmin/tools/apache-tomcat-9.0.14/webapps/examples]
06-Jan-2019 19:51:23.165 INFO [main] org.apache.catalina.startup.HostConfig.deployDirectory Deployment of web application directory [/home/vdeadmin/tools/apache-tomcat-9.0.14/webapps/examples] has finished in [147] ms
06-Jan-2019 19:51:23.168 INFO [main] org.apache.coyote.AbstractProtocol.start Starting ProtocolHandler ["http-nio-8080"]
06-Jan-2019 19:51:23.182 INFO [main] org.apache.coyote.AbstractProtocol.start Starting ProtocolHandler ["ajp-nio-8009"]
06-Jan-2019 19:51:23.186 INFO [main] org.apache.catalina.startup.Catalina.start Server startup in [738] milliseconds
06-Jan-2019 19:51:32.682 INFO [http-nio-8080-exec-1] com.sgxtrial.yyy.WebSocketServer.onOpen websocket connected.Thread[http-nio-8080-exec-1,5,main]
06-Jan-2019 19:51:32.685 INFO [http-nio-8080-exec-1] com.sgxtrial.yyy.WebSocketServer.onMessage receive msg with thread: Thread[http-nio-8080-exec-1,5,main]
06-Jan-2019 19:51:32.685 INFO [http-nio-8080-exec-1] com.sgxtrial.yyy.WebSocketServer.onMessage js msg:[B@7923a6c0
06-Jan-2019 19:51:32.697 INFO [http-nio-8080-exec-1] com.sgxtrial.yyy.WebSocketServer.onMessage enclave msg:[B@7f46b4ca
06-Jan-2019 19:51:32.721 INFO [http-nio-8080-exec-2] com.sgxtrial.yyy.WebSocketServer.onMessage receive msg with thread: Thread[http-nio-8080-exec-2,5,main]
06-Jan-2019 19:51:32.721 INFO [http-nio-8080-exec-2] com.sgxtrial.yyy.WebSocketServer.onMessage js msg:[B@a682b42
06-Jan-2019 19:51:32.721 INFO [http-nio-8080-exec-2] com.sgxtrial.yyy.WebSocketServer.onMessage enclave msg:[B@e57bed7
06-Jan-2019 19:52:59.850 INFO [main] org.apache.catalina.core.StandardServer.await A valid shutdown command was received via the shutdown port. Stopping the Server instance.
06-Jan-2019 19:52:59.853 INFO [main] org.apache.coyote.AbstractProtocol.pause Pausing ProtocolHandler ["http-nio-8080"]
06-Jan-2019 19:52:59.855 INFO [main] org.apache.coyote.AbstractProtocol.pause Pausing ProtocolHandler ["ajp-nio-8009"]
06-Jan-2019 19:52:59.862 INFO [main] org.apache.catalina.core.StandardService.stopInternal Stopping service [Catalina]
06-Jan-2019 19:52:59.882 INFO [main] com.sgxtrial.yyy.WebSocketServer.onClose websocket closed
06-Jan-2019 19:52:59.902 INFO [main] org.apache.coyote.AbstractProtocol.stop Stopping ProtocolHandler ["http-nio-8080"]
06-Jan-2019 19:52:59.908 INFO [main] org.apache.coyote.AbstractProtocol.stop Stopping ProtocolHandler ["ajp-nio-8009"]
06-Jan-2019 19:52:59.911 INFO [main] org.apache.coyote.AbstractProtocol.destroy Destroying ProtocolHandler ["http-nio-8080"]
06-Jan-2019 19:52:59.913 INFO [main] org.apache.coyote.AbstractProtocol.destroy Destroying ProtocolHandler ["ajp-nio-8009"]
06-Jan-2019 19:53:00.448 INFO [main] org.apache.catalina.startup.VersionLoggerListener.log Server version name:   Apache Tomcat/9.0.14
06-Jan-2019 19:53:00.450 INFO [main] org.apache.catalina.startup.VersionLoggerListener.log Server built:          Dec 6 2018 21:13:53 UTC
06-Jan-2019 19:53:00.450 INFO [main] org.apache.catalina.startup.VersionLoggerListener.log Server version number: 9.0.14.0
06-Jan-2019 19:53:00.451 INFO [main] org.apache.catalina.startup.VersionLoggerListener.log OS Name:               Linux
06-Jan-2019 19:53:00.451 INFO [main] org.apache.catalina.startup.VersionLoggerListener.log OS Version:            4.15.0-43-generic
06-Jan-2019 19:53:00.451 INFO [main] org.apache.catalina.startup.VersionLoggerListener.log Architecture:          amd64
06-Jan-2019 19:53:00.451 INFO [main] org.apache.catalina.startup.VersionLoggerListener.log Java Home:             /opt/jdk1.8.0_191/jre
06-Jan-2019 19:53:00.451 INFO [main] org.apache.catalina.startup.VersionLoggerListener.log JVM Version:           1.8.0_191-b12
06-Jan-2019 19:53:00.451 INFO [main] org.apache.catalina.startup.VersionLoggerListener.log JVM Vendor:            Oracle Corporation
06-Jan-2019 19:53:00.451 INFO [main] org.apache.catalina.startup.VersionLoggerListener.log CATALINA_BASE:         /home/vdeadmin/tools/apache-tomcat-9.0.14
06-Jan-2019 19:53:00.451 INFO [main] org.apache.catalina.startup.VersionLoggerListener.log CATALINA_HOME:         /home/vdeadmin/tools/apache-tomcat-9.0.14
06-Jan-2019 19:53:00.451 INFO [main] org.apache.catalina.startup.VersionLoggerListener.log Command line argument: -Djava.util.logging.config.file=/home/vdeadmin/tools/apache-tomcat-current/conf/logging.properties
06-Jan-2019 19:53:00.451 INFO [main] org.apache.catalina.startup.VersionLoggerListener.log Command line argument: -Djava.util.logging.manager=org.apache.juli.ClassLoaderLogManager
06-Jan-2019 19:53:00.452 INFO [main] org.apache.catalina.startup.VersionLoggerListener.log Command line argument: -Djdk.tls.ephemeralDHKeySize=2048
06-Jan-2019 19:53:00.452 INFO [main] org.apache.catalina.startup.VersionLoggerListener.log Command line argument: -Djava.library.path=/home/vdeadmin/tools/apache-tomcat-current/shared/lib
06-Jan-2019 19:53:00.452 INFO [main] org.apache.catalina.startup.VersionLoggerListener.log Command line argument: -Djava.protocol.handler.pkgs=org.apache.catalina.webresources
06-Jan-2019 19:53:00.452 INFO [main] org.apache.catalina.startup.VersionLoggerListener.log Command line argument: -Dorg.apache.catalina.security.SecurityListener.UMASK=0027
06-Jan-2019 19:53:00.452 INFO [main] org.apache.catalina.startup.VersionLoggerListener.log Command line argument: -Dignore.endorsed.dirs=
06-Jan-2019 19:53:00.452 INFO [main] org.apache.catalina.startup.VersionLoggerListener.log Command line argument: -Dcatalina.base=/home/vdeadmin/tools/apache-tomcat-current
06-Jan-2019 19:53:00.452 INFO [main] org.apache.catalina.startup.VersionLoggerListener.log Command line argument: -Dcatalina.home=/home/vdeadmin/tools/apache-tomcat-current
06-Jan-2019 19:53:00.452 INFO [main] org.apache.catalina.startup.VersionLoggerListener.log Command line argument: -Djava.io.tmpdir=/home/vdeadmin/tools/apache-tomcat-current/temp
06-Jan-2019 19:53:00.452 INFO [main] org.apache.catalina.core.AprLifecycleListener.lifecycleEvent The APR based Apache Tomcat Native library which allows optimal performance in production environments was not found on the java.library.path: [/home/vdeadmin/tools/apache-tomcat-current/shared/lib]
06-Jan-2019 19:53:00.557 INFO [main] org.apache.coyote.AbstractProtocol.init Initializing ProtocolHandler ["http-nio-8080"]
06-Jan-2019 19:53:00.577 INFO [main] org.apache.coyote.AbstractProtocol.init Initializing ProtocolHandler ["ajp-nio-8009"]
06-Jan-2019 19:53:00.582 INFO [main] org.apache.catalina.startup.Catalina.load Server initialization in [451] milliseconds
06-Jan-2019 19:53:00.631 INFO [main] org.apache.catalina.core.StandardService.startInternal Starting service [Catalina]
06-Jan-2019 19:53:00.631 INFO [main] org.apache.catalina.core.StandardEngine.startInternal Starting Servlet engine: [Apache Tomcat/9.0.14]
06-Jan-2019 19:53:00.646 INFO [main] org.apache.catalina.startup.HostConfig.deployWAR Deploying web application archive [/home/vdeadmin/tools/apache-tomcat-9.0.14/webapps/com.sgxtrial.war]
06-Jan-2019 19:53:01.020 INFO [main] org.apache.jasper.servlet.TldScanner.scanJars At least one JAR was scanned for TLDs yet contained no TLDs. Enable debug logging for this logger for a complete list of JARs that were scanned but no TLDs were found in them. Skipping unneeded JARs during scanning can improve startup time and JSP compilation time.
06-Jan-2019 19:53:01.075 INFO [main] org.apache.catalina.startup.HostConfig.deployWAR Deployment of web application archive [/home/vdeadmin/tools/apache-tomcat-9.0.14/webapps/com.sgxtrial.war] has finished in [428] ms
06-Jan-2019 19:53:01.075 INFO [main] org.apache.catalina.startup.HostConfig.deployDirectory Deploying web application directory [/home/vdeadmin/tools/apache-tomcat-9.0.14/webapps/manager]
06-Jan-2019 19:53:01.103 INFO [main] org.apache.catalina.startup.HostConfig.deployDirectory Deployment of web application directory [/home/vdeadmin/tools/apache-tomcat-9.0.14/webapps/manager] has finished in [28] ms
06-Jan-2019 19:53:01.104 INFO [main] org.apache.catalina.startup.HostConfig.deployDirectory Deploying web application directory [/home/vdeadmin/tools/apache-tomcat-9.0.14/webapps/host-manager]
06-Jan-2019 19:53:01.120 INFO [main] org.apache.catalina.startup.HostConfig.deployDirectory Deployment of web application directory [/home/vdeadmin/tools/apache-tomcat-9.0.14/webapps/host-manager] has finished in [16] ms
06-Jan-2019 19:53:01.121 INFO [main] org.apache.catalina.startup.HostConfig.deployDirectory Deploying web application directory [/home/vdeadmin/tools/apache-tomcat-9.0.14/webapps/ROOT]
06-Jan-2019 19:53:01.135 INFO [main] org.apache.catalina.startup.HostConfig.deployDirectory Deployment of web application directory [/home/vdeadmin/tools/apache-tomcat-9.0.14/webapps/ROOT] has finished in [14] ms
06-Jan-2019 19:53:01.136 INFO [main] org.apache.catalina.startup.HostConfig.deployDirectory Deploying web application directory [/home/vdeadmin/tools/apache-tomcat-9.0.14/webapps/docs]
06-Jan-2019 19:53:01.148 INFO [main] org.apache.catalina.startup.HostConfig.deployDirectory Deployment of web application directory [/home/vdeadmin/tools/apache-tomcat-9.0.14/webapps/docs] has finished in [12] ms
06-Jan-2019 19:53:01.149 INFO [main] org.apache.catalina.startup.HostConfig.deployDirectory Deploying web application directory [/home/vdeadmin/tools/apache-tomcat-9.0.14/webapps/examples]
06-Jan-2019 19:53:01.325 INFO [main] org.apache.catalina.startup.HostConfig.deployDirectory Deployment of web application directory [/home/vdeadmin/tools/apache-tomcat-9.0.14/webapps/examples] has finished in [176] ms
06-Jan-2019 19:53:01.328 INFO [main] org.apache.coyote.AbstractProtocol.start Starting ProtocolHandler ["http-nio-8080"]
06-Jan-2019 19:53:01.344 INFO [main] org.apache.coyote.AbstractProtocol.start Starting ProtocolHandler ["ajp-nio-8009"]
06-Jan-2019 19:53:01.347 INFO [main] org.apache.catalina.startup.Catalina.start Server startup in [764] milliseconds
06-Jan-2019 19:53:09.504 INFO [http-nio-8080-exec-1] com.sgxtrial.yyy.WebSocketServer.onOpen websocket connected.Thread[http-nio-8080-exec-1,5,main]
06-Jan-2019 19:53:09.515 INFO [http-nio-8080-exec-2] com.sgxtrial.yyy.WebSocketServer.onMessage receive msg with thread: Thread[http-nio-8080-exec-2,5,main]
06-Jan-2019 19:53:09.516 INFO [http-nio-8080-exec-2] com.sgxtrial.yyy.WebSocketServer.onMessage js msg:[B@4cf3108b
06-Jan-2019 19:53:09.520 INFO [http-nio-8080-exec-2] com.sgxtrial.yyy.WebSocketServer.onMessage enclave msg:[B@46002f39
06-Jan-2019 19:53:09.537 INFO [http-nio-8080-exec-3] com.sgxtrial.yyy.WebSocketServer.onMessage receive msg with thread: Thread[http-nio-8080-exec-3,5,main]
06-Jan-2019 19:53:09.538 INFO [http-nio-8080-exec-3] com.sgxtrial.yyy.WebSocketServer.onMessage js msg:[B@720a0123
06-Jan-2019 19:53:09.538 INFO [http-nio-8080-exec-3] com.sgxtrial.yyy.WebSocketServer.onMessage enclave msg:[B@7ccdf112
