11-Jan-2019 00:01:00.202 INFO [main] org.apache.catalina.core.StandardServer.await A valid shutdown command was received via the shutdown port. Stopping the Server instance.
11-Jan-2019 00:01:00.203 INFO [main] org.apache.coyote.AbstractProtocol.pause Pausing ProtocolHandler ["http-nio-8080"]
11-Jan-2019 00:01:00.205 INFO [main] org.apache.coyote.AbstractProtocol.pause Pausing ProtocolHandler ["ajp-nio-8009"]
11-Jan-2019 00:01:00.211 INFO [main] org.apache.catalina.core.StandardService.stopInternal Stopping service [Catalina]
11-Jan-2019 00:01:00.228 INFO [main] com.sgxtrial.yyy.WebSocketServer.onClose websocket closed
11-Jan-2019 00:01:00.239 INFO [main] org.apache.coyote.AbstractProtocol.stop Stopping ProtocolHandler ["http-nio-8080"]
11-Jan-2019 00:01:00.242 INFO [main] org.apache.coyote.AbstractProtocol.stop Stopping ProtocolHandler ["ajp-nio-8009"]
11-Jan-2019 00:01:00.251 INFO [main] org.apache.coyote.AbstractProtocol.destroy Destroying ProtocolHandler ["http-nio-8080"]
11-Jan-2019 00:01:00.253 INFO [main] org.apache.coyote.AbstractProtocol.destroy Destroying ProtocolHandler ["ajp-nio-8009"]
11-Jan-2019 00:01:00.808 INFO [main] org.apache.catalina.startup.VersionLoggerListener.log Server version name:   Apache Tomcat/9.0.14
11-Jan-2019 00:01:00.809 INFO [main] org.apache.catalina.startup.VersionLoggerListener.log Server built:          Dec 6 2018 21:13:53 UTC
11-Jan-2019 00:01:00.810 INFO [main] org.apache.catalina.startup.VersionLoggerListener.log Server version number: 9.0.14.0
11-Jan-2019 00:01:00.810 INFO [main] org.apache.catalina.startup.VersionLoggerListener.log OS Name:               Linux
11-Jan-2019 00:01:00.810 INFO [main] org.apache.catalina.startup.VersionLoggerListener.log OS Version:            4.15.0-43-generic
11-Jan-2019 00:01:00.810 INFO [main] org.apache.catalina.startup.VersionLoggerListener.log Architecture:          amd64
11-Jan-2019 00:01:00.810 INFO [main] org.apache.catalina.startup.VersionLoggerListener.log Java Home:             /opt/jdk1.8.0_191/jre
11-Jan-2019 00:01:00.810 INFO [main] org.apache.catalina.startup.VersionLoggerListener.log JVM Version:           1.8.0_191-b12
11-Jan-2019 00:01:00.810 INFO [main] org.apache.catalina.startup.VersionLoggerListener.log JVM Vendor:            Oracle Corporation
11-Jan-2019 00:01:00.810 INFO [main] org.apache.catalina.startup.VersionLoggerListener.log CATALINA_BASE:         /home/vdeadmin/tools/apache-tomcat-9.0.14
11-Jan-2019 00:01:00.810 INFO [main] org.apache.catalina.startup.VersionLoggerListener.log CATALINA_HOME:         /home/vdeadmin/tools/apache-tomcat-9.0.14
11-Jan-2019 00:01:00.810 INFO [main] org.apache.catalina.startup.VersionLoggerListener.log Command line argument: -Djava.util.logging.config.file=/home/vdeadmin/tools/apache-tomcat-current/conf/logging.properties
11-Jan-2019 00:01:00.810 INFO [main] org.apache.catalina.startup.VersionLoggerListener.log Command line argument: -Djava.util.logging.manager=org.apache.juli.ClassLoaderLogManager
11-Jan-2019 00:01:00.811 INFO [main] org.apache.catalina.startup.VersionLoggerListener.log Command line argument: -Djdk.tls.ephemeralDHKeySize=2048
11-Jan-2019 00:01:00.811 INFO [main] org.apache.catalina.startup.VersionLoggerListener.log Command line argument: -Djava.library.path=/home/vdeadmin/tools/apache-tomcat-current/shared/lib
11-Jan-2019 00:01:00.811 INFO [main] org.apache.catalina.startup.VersionLoggerListener.log Command line argument: -Djava.protocol.handler.pkgs=org.apache.catalina.webresources
11-Jan-2019 00:01:00.811 INFO [main] org.apache.catalina.startup.VersionLoggerListener.log Command line argument: -Dorg.apache.catalina.security.SecurityListener.UMASK=0027
11-Jan-2019 00:01:00.811 INFO [main] org.apache.catalina.startup.VersionLoggerListener.log Command line argument: -Dignore.endorsed.dirs=
11-Jan-2019 00:01:00.811 INFO [main] org.apache.catalina.startup.VersionLoggerListener.log Command line argument: -Dcatalina.base=/home/vdeadmin/tools/apache-tomcat-current
11-Jan-2019 00:01:00.811 INFO [main] org.apache.catalina.startup.VersionLoggerListener.log Command line argument: -Dcatalina.home=/home/vdeadmin/tools/apache-tomcat-current
11-Jan-2019 00:01:00.811 INFO [main] org.apache.catalina.startup.VersionLoggerListener.log Command line argument: -Djava.io.tmpdir=/home/vdeadmin/tools/apache-tomcat-current/temp
11-Jan-2019 00:01:00.811 INFO [main] org.apache.catalina.core.AprLifecycleListener.lifecycleEvent The APR based Apache Tomcat Native library which allows optimal performance in production environments was not found on the java.library.path: [/home/vdeadmin/tools/apache-tomcat-current/shared/lib]
11-Jan-2019 00:01:00.920 INFO [main] org.apache.coyote.AbstractProtocol.init Initializing ProtocolHandler ["http-nio-8080"]
11-Jan-2019 00:01:00.937 INFO [main] org.apache.coyote.AbstractProtocol.init Initializing ProtocolHandler ["ajp-nio-8009"]
11-Jan-2019 00:01:00.941 INFO [main] org.apache.catalina.startup.Catalina.load Server initialization in [462] milliseconds
11-Jan-2019 00:01:00.994 INFO [main] org.apache.catalina.core.StandardService.startInternal Starting service [Catalina]
11-Jan-2019 00:01:00.994 INFO [main] org.apache.catalina.core.StandardEngine.startInternal Starting Servlet engine: [Apache Tomcat/9.0.14]
11-Jan-2019 00:01:01.008 INFO [main] org.apache.catalina.startup.HostConfig.deployWAR Deploying web application archive [/home/vdeadmin/tools/apache-tomcat-9.0.14/webapps/com.sgxtrial.war]
11-Jan-2019 00:01:01.363 INFO [main] org.apache.jasper.servlet.TldScanner.scanJars At least one JAR was scanned for TLDs yet contained no TLDs. Enable debug logging for this logger for a complete list of JARs that were scanned but no TLDs were found in them. Skipping unneeded JARs during scanning can improve startup time and JSP compilation time.
11-Jan-2019 00:01:01.412 INFO [main] org.apache.catalina.startup.HostConfig.deployWAR Deployment of web application archive [/home/vdeadmin/tools/apache-tomcat-9.0.14/webapps/com.sgxtrial.war] has finished in [404] ms
11-Jan-2019 00:01:01.413 INFO [main] org.apache.catalina.startup.HostConfig.deployDirectory Deploying web application directory [/home/vdeadmin/tools/apache-tomcat-9.0.14/webapps/manager]
11-Jan-2019 00:01:01.435 INFO [main] org.apache.catalina.startup.HostConfig.deployDirectory Deployment of web application directory [/home/vdeadmin/tools/apache-tomcat-9.0.14/webapps/manager] has finished in [23] ms
11-Jan-2019 00:01:01.435 INFO [main] org.apache.catalina.startup.HostConfig.deployDirectory Deploying web application directory [/home/vdeadmin/tools/apache-tomcat-9.0.14/webapps/host-manager]
11-Jan-2019 00:01:01.449 INFO [main] org.apache.catalina.startup.HostConfig.deployDirectory Deployment of web application directory [/home/vdeadmin/tools/apache-tomcat-9.0.14/webapps/host-manager] has finished in [14] ms
11-Jan-2019 00:01:01.450 INFO [main] org.apache.catalina.startup.HostConfig.deployDirectory Deploying web application directory [/home/vdeadmin/tools/apache-tomcat-9.0.14/webapps/ROOT]
11-Jan-2019 00:01:01.466 INFO [main] org.apache.catalina.startup.HostConfig.deployDirectory Deployment of web application directory [/home/vdeadmin/tools/apache-tomcat-9.0.14/webapps/ROOT] has finished in [16] ms
11-Jan-2019 00:01:01.467 INFO [main] org.apache.catalina.startup.HostConfig.deployDirectory Deploying web application directory [/home/vdeadmin/tools/apache-tomcat-9.0.14/webapps/docs]
11-Jan-2019 00:01:01.480 INFO [main] org.apache.catalina.startup.HostConfig.deployDirectory Deployment of web application directory [/home/vdeadmin/tools/apache-tomcat-9.0.14/webapps/docs] has finished in [13] ms
11-Jan-2019 00:01:01.480 INFO [main] org.apache.catalina.startup.HostConfig.deployDirectory Deploying web application directory [/home/vdeadmin/tools/apache-tomcat-9.0.14/webapps/examples]
11-Jan-2019 00:01:01.630 INFO [main] org.apache.catalina.startup.HostConfig.deployDirectory Deployment of web application directory [/home/vdeadmin/tools/apache-tomcat-9.0.14/webapps/examples] has finished in [150] ms
11-Jan-2019 00:01:01.634 INFO [main] org.apache.coyote.AbstractProtocol.start Starting ProtocolHandler ["http-nio-8080"]
11-Jan-2019 00:01:01.644 INFO [main] org.apache.coyote.AbstractProtocol.start Starting ProtocolHandler ["ajp-nio-8009"]
11-Jan-2019 00:01:01.647 INFO [main] org.apache.catalina.startup.Catalina.start Server startup in [706] milliseconds
11-Jan-2019 00:01:07.724 INFO [http-nio-8080-exec-1] com.sgxtrial.yyy.WebSocketServer.onOpen websocket connected.Thread[http-nio-8080-exec-1,5,main]
11-Jan-2019 00:01:07.729 INFO [http-nio-8080-exec-1] com.sgxtrial.yyy.WebSocketServer.onMessage receive msg with thread: Thread[http-nio-8080-exec-1,5,main]
11-Jan-2019 00:01:07.730 INFO [http-nio-8080-exec-1] com.sgxtrial.yyy.WebSocketServer.onMessage js msg:[B@49f8546
11-Jan-2019 00:01:07.730 INFO [http-nio-8080-exec-1] com.sgxtrial.yyy.WebSocketServer.onMessage js msg lenght:8
11-Jan-2019 00:01:07.737 INFO [http-nio-8080-exec-1] com.sgxtrial.yyy.WebSocketServer.onMessage enclave msg:[B@22418e5c
11-Jan-2019 00:01:07.751 INFO [http-nio-8080-exec-2] com.sgxtrial.yyy.WebSocketServer.onMessage receive msg with thread: Thread[http-nio-8080-exec-2,5,main]
11-Jan-2019 00:01:07.751 INFO [http-nio-8080-exec-2] com.sgxtrial.yyy.WebSocketServer.onMessage js msg:[B@657a0868
11-Jan-2019 00:01:07.752 INFO [http-nio-8080-exec-2] com.sgxtrial.yyy.WebSocketServer.onMessage js msg lenght:10
11-Jan-2019 00:01:07.755 INFO [http-nio-8080-exec-2] com.sgxtrial.yyy.WebSocketServer.onMessage enclave msg:[B@6145901f
11-Jan-2019 00:01:12.759 INFO [http-nio-8080-exec-4] com.sgxtrial.yyy.WebSocketServer.onClose websocket closed
11-Jan-2019 00:01:14.187 INFO [http-nio-8080-exec-3] com.sgxtrial.yyy.WebSocketServer.onOpen websocket connected.Thread[http-nio-8080-exec-3,5,main]
11-Jan-2019 00:01:14.240 INFO [http-nio-8080-exec-5] com.sgxtrial.yyy.WebSocketServer.onMessage receive msg with thread: Thread[http-nio-8080-exec-5,5,main]
11-Jan-2019 00:01:14.242 INFO [http-nio-8080-exec-5] com.sgxtrial.yyy.WebSocketServer.onMessage js msg:[B@17b90e66
11-Jan-2019 00:01:14.242 INFO [http-nio-8080-exec-5] com.sgxtrial.yyy.WebSocketServer.onMessage js msg lenght:8
11-Jan-2019 00:01:14.242 INFO [http-nio-8080-exec-5] com.sgxtrial.yyy.WebSocketServer.onMessage enclave msg:[B@13868849
11-Jan-2019 00:01:14.261 INFO [http-nio-8080-exec-6] com.sgxtrial.yyy.WebSocketServer.onMessage receive msg with thread: Thread[http-nio-8080-exec-6,5,main]
11-Jan-2019 00:01:14.262 INFO [http-nio-8080-exec-6] com.sgxtrial.yyy.WebSocketServer.onMessage js msg:[B@77f5fa3c
11-Jan-2019 00:01:14.262 INFO [http-nio-8080-exec-6] com.sgxtrial.yyy.WebSocketServer.onMessage js msg lenght:10
11-Jan-2019 00:01:14.266 INFO [http-nio-8080-exec-6] com.sgxtrial.yyy.WebSocketServer.onMessage enclave msg:[B@79321ab2
11-Jan-2019 00:01:14.384 INFO [http-nio-8080-exec-8] com.sgxtrial.yyy.WebSocketServer.onMessage receive msg with thread: Thread[http-nio-8080-exec-8,5,main]
11-Jan-2019 00:01:14.385 INFO [http-nio-8080-exec-8] com.sgxtrial.yyy.WebSocketServer.onMessage js msg:[B@17b98701
11-Jan-2019 00:01:14.385 INFO [http-nio-8080-exec-8] com.sgxtrial.yyy.WebSocketServer.onMessage js msg lenght:348
11-Jan-2019 00:01:14.385 INFO [http-nio-8080-exec-8] com.sgxtrial.yyy.WebSocketServer.onMessage enclave msg:[B@197e6b86
