15-Jan-2019 22:15:40.137 INFO [main] org.apache.catalina.startup.VersionLoggerListener.log Server version name:   Apache Tomcat/9.0.14
15-Jan-2019 22:15:40.139 INFO [main] org.apache.catalina.startup.VersionLoggerListener.log Server built:          Dec 6 2018 21:13:53 UTC
15-Jan-2019 22:15:40.139 INFO [main] org.apache.catalina.startup.VersionLoggerListener.log Server version number: 9.0.14.0
15-Jan-2019 22:15:40.139 INFO [main] org.apache.catalina.startup.VersionLoggerListener.log OS Name:               Linux
15-Jan-2019 22:15:40.139 INFO [main] org.apache.catalina.startup.VersionLoggerListener.log OS Version:            4.15.0-43-generic
15-Jan-2019 22:15:40.140 INFO [main] org.apache.catalina.startup.VersionLoggerListener.log Architecture:          amd64
15-Jan-2019 22:15:40.140 INFO [main] org.apache.catalina.startup.VersionLoggerListener.log Java Home:             /opt/jdk1.8.0_191/jre
15-Jan-2019 22:15:40.140 INFO [main] org.apache.catalina.startup.VersionLoggerListener.log JVM Version:           1.8.0_191-b12
15-Jan-2019 22:15:40.140 INFO [main] org.apache.catalina.startup.VersionLoggerListener.log JVM Vendor:            Oracle Corporation
15-Jan-2019 22:15:40.140 INFO [main] org.apache.catalina.startup.VersionLoggerListener.log CATALINA_BASE:         /home/vdeadmin/tools/apache-tomcat-9.0.14
15-Jan-2019 22:15:40.140 INFO [main] org.apache.catalina.startup.VersionLoggerListener.log CATALINA_HOME:         /home/vdeadmin/tools/apache-tomcat-9.0.14
15-Jan-2019 22:15:40.140 INFO [main] org.apache.catalina.startup.VersionLoggerListener.log Command line argument: -Djava.util.logging.config.file=/home/vdeadmin/tools/apache-tomcat-current/conf/logging.properties
15-Jan-2019 22:15:40.140 INFO [main] org.apache.catalina.startup.VersionLoggerListener.log Command line argument: -Djava.util.logging.manager=org.apache.juli.ClassLoaderLogManager
15-Jan-2019 22:15:40.140 INFO [main] org.apache.catalina.startup.VersionLoggerListener.log Command line argument: -Djdk.tls.ephemeralDHKeySize=2048
15-Jan-2019 22:15:40.140 INFO [main] org.apache.catalina.startup.VersionLoggerListener.log Command line argument: -Djava.library.path=/home/vdeadmin/tools/apache-tomcat-current/shared/lib
15-Jan-2019 22:15:40.140 INFO [main] org.apache.catalina.startup.VersionLoggerListener.log Command line argument: -Djava.protocol.handler.pkgs=org.apache.catalina.webresources
15-Jan-2019 22:15:40.141 INFO [main] org.apache.catalina.startup.VersionLoggerListener.log Command line argument: -Dorg.apache.catalina.security.SecurityListener.UMASK=0027
15-Jan-2019 22:15:40.141 INFO [main] org.apache.catalina.startup.VersionLoggerListener.log Command line argument: -Dignore.endorsed.dirs=
15-Jan-2019 22:15:40.141 INFO [main] org.apache.catalina.startup.VersionLoggerListener.log Command line argument: -Dcatalina.base=/home/vdeadmin/tools/apache-tomcat-current
15-Jan-2019 22:15:40.141 INFO [main] org.apache.catalina.startup.VersionLoggerListener.log Command line argument: -Dcatalina.home=/home/vdeadmin/tools/apache-tomcat-current
15-Jan-2019 22:15:40.141 INFO [main] org.apache.catalina.startup.VersionLoggerListener.log Command line argument: -Djava.io.tmpdir=/home/vdeadmin/tools/apache-tomcat-current/temp
15-Jan-2019 22:15:40.141 INFO [main] org.apache.catalina.core.AprLifecycleListener.lifecycleEvent The APR based Apache Tomcat Native library which allows optimal performance in production environments was not found on the java.library.path: [/home/vdeadmin/tools/apache-tomcat-current/shared/lib]
15-Jan-2019 22:15:40.344 INFO [main] org.apache.coyote.AbstractProtocol.init Initializing ProtocolHandler ["http-nio-8080"]
15-Jan-2019 22:15:40.377 INFO [main] org.apache.coyote.AbstractProtocol.init Initializing ProtocolHandler ["ajp-nio-8009"]
15-Jan-2019 22:15:40.382 INFO [main] org.apache.catalina.startup.Catalina.load Server initialization in [689] milliseconds
15-Jan-2019 22:15:40.437 INFO [main] org.apache.catalina.core.StandardService.startInternal Starting service [Catalina]
15-Jan-2019 22:15:40.437 INFO [main] org.apache.catalina.core.StandardEngine.startInternal Starting Servlet engine: [Apache Tomcat/9.0.14]
15-Jan-2019 22:15:40.466 INFO [main] org.apache.catalina.startup.HostConfig.deployWAR Deploying web application archive [/home/vdeadmin/tools/apache-tomcat-9.0.14/webapps/com.sgxtrial.war]
15-Jan-2019 22:15:40.953 INFO [main] org.apache.jasper.servlet.TldScanner.scanJars At least one JAR was scanned for TLDs yet contained no TLDs. Enable debug logging for this logger for a complete list of JARs that were scanned but no TLDs were found in them. Skipping unneeded JARs during scanning can improve startup time and JSP compilation time.
15-Jan-2019 22:15:41.022 INFO [main] org.apache.catalina.startup.HostConfig.deployWAR Deployment of web application archive [/home/vdeadmin/tools/apache-tomcat-9.0.14/webapps/com.sgxtrial.war] has finished in [557] ms
15-Jan-2019 22:15:41.024 INFO [main] org.apache.catalina.startup.HostConfig.deployDirectory Deploying web application directory [/home/vdeadmin/tools/apache-tomcat-9.0.14/webapps/manager]
15-Jan-2019 22:15:41.054 INFO [main] org.apache.catalina.startup.HostConfig.deployDirectory Deployment of web application directory [/home/vdeadmin/tools/apache-tomcat-9.0.14/webapps/manager] has finished in [31] ms
15-Jan-2019 22:15:41.054 INFO [main] org.apache.catalina.startup.HostConfig.deployDirectory Deploying web application directory [/home/vdeadmin/tools/apache-tomcat-9.0.14/webapps/host-manager]
15-Jan-2019 22:15:41.079 INFO [main] org.apache.catalina.startup.HostConfig.deployDirectory Deployment of web application directory [/home/vdeadmin/tools/apache-tomcat-9.0.14/webapps/host-manager] has finished in [24] ms
15-Jan-2019 22:15:41.082 INFO [main] org.apache.catalina.startup.HostConfig.deployDirectory Deploying web application directory [/home/vdeadmin/tools/apache-tomcat-9.0.14/webapps/ROOT]
15-Jan-2019 22:15:41.099 INFO [main] org.apache.catalina.startup.HostConfig.deployDirectory Deployment of web application directory [/home/vdeadmin/tools/apache-tomcat-9.0.14/webapps/ROOT] has finished in [17] ms
15-Jan-2019 22:15:41.099 INFO [main] org.apache.catalina.startup.HostConfig.deployDirectory Deploying web application directory [/home/vdeadmin/tools/apache-tomcat-9.0.14/webapps/docs]
15-Jan-2019 22:15:41.120 INFO [main] org.apache.catalina.startup.HostConfig.deployDirectory Deployment of web application directory [/home/vdeadmin/tools/apache-tomcat-9.0.14/webapps/docs] has finished in [21] ms
15-Jan-2019 22:15:41.121 INFO [main] org.apache.catalina.startup.HostConfig.deployDirectory Deploying web application directory [/home/vdeadmin/tools/apache-tomcat-9.0.14/webapps/examples]
15-Jan-2019 22:15:41.363 INFO [main] org.apache.catalina.startup.HostConfig.deployDirectory Deployment of web application directory [/home/vdeadmin/tools/apache-tomcat-9.0.14/webapps/examples] has finished in [242] ms
15-Jan-2019 22:15:41.367 INFO [main] org.apache.coyote.AbstractProtocol.start Starting ProtocolHandler ["http-nio-8080"]
15-Jan-2019 22:15:41.379 INFO [main] org.apache.coyote.AbstractProtocol.start Starting ProtocolHandler ["ajp-nio-8009"]
15-Jan-2019 22:15:41.383 INFO [main] org.apache.catalina.startup.Catalina.start Server startup in [1,000] milliseconds
15-Jan-2019 22:16:28.456 INFO [http-nio-8080-exec-1] com.sgxtrial.yyy.WebSocketServer.onOpen websocket connected.Thread[http-nio-8080-exec-1,5,main]
15-Jan-2019 22:16:28.476 INFO [http-nio-8080-exec-2] com.sgxtrial.yyy.WebSocketServer.onMessage receive msg with thread: Thread[http-nio-8080-exec-2,5,main]
15-Jan-2019 22:16:28.477 INFO [http-nio-8080-exec-2] com.sgxtrial.yyy.WebSocketServer.onMessage js msg:[B@4ad8e0ab
15-Jan-2019 22:16:28.478 INFO [http-nio-8080-exec-2] com.sgxtrial.yyy.WebSocketServer.onMessage js msg lenght:8
15-Jan-2019 22:16:28.531 INFO [http-nio-8080-exec-2] com.sgxtrial.yyy.WebSocketServer.onMessage enclave msg:[B@28f62184
15-Jan-2019 22:16:28.546 INFO [http-nio-8080-exec-3] com.sgxtrial.yyy.WebSocketServer.onMessage receive msg with thread: Thread[http-nio-8080-exec-3,5,main]
15-Jan-2019 22:16:28.547 INFO [http-nio-8080-exec-3] com.sgxtrial.yyy.WebSocketServer.onMessage js msg:[B@6bbdfb6f
15-Jan-2019 22:16:28.547 INFO [http-nio-8080-exec-3] com.sgxtrial.yyy.WebSocketServer.onMessage js msg lenght:10
15-Jan-2019 22:16:28.550 INFO [http-nio-8080-exec-3] com.sgxtrial.yyy.WebSocketServer.onMessage enclave msg:[B@657a0868
15-Jan-2019 22:16:28.632 INFO [http-nio-8080-exec-6] com.sgxtrial.yyy.WebSocketServer.onMessage receive msg with thread: Thread[http-nio-8080-exec-6,5,main]
15-Jan-2019 22:16:28.632 INFO [http-nio-8080-exec-6] com.sgxtrial.yyy.WebSocketServer.onMessage js msg:[B@197ee339
15-Jan-2019 22:16:28.633 INFO [http-nio-8080-exec-6] com.sgxtrial.yyy.WebSocketServer.onMessage js msg lenght:278
15-Jan-2019 22:16:28.633 INFO [http-nio-8080-exec-6] com.sgxtrial.yyy.WebSocketServer.onMessage enclave msg:[B@17b90e66
15-Jan-2019 22:16:52.232 INFO [http-nio-8080-exec-7] com.sgxtrial.yyy.WebSocketServer.onClose websocket closed
15-Jan-2019 22:18:30.522 INFO [http-nio-8080-exec-4] com.sgxtrial.yyy.WebSocketServer.onOpen websocket connected.Thread[http-nio-8080-exec-4,5,main]
15-Jan-2019 22:18:30.571 INFO [http-nio-8080-exec-8] com.sgxtrial.yyy.WebSocketServer.onMessage receive msg with thread: Thread[http-nio-8080-exec-8,5,main]
15-Jan-2019 22:18:30.571 INFO [http-nio-8080-exec-8] com.sgxtrial.yyy.WebSocketServer.onMessage js msg:[B@5e1bec02
15-Jan-2019 22:18:30.571 INFO [http-nio-8080-exec-8] com.sgxtrial.yyy.WebSocketServer.onMessage js msg lenght:8
15-Jan-2019 22:18:30.571 INFO [http-nio-8080-exec-8] com.sgxtrial.yyy.WebSocketServer.onMessage enclave msg:[B@5a246319
15-Jan-2019 22:18:30.609 INFO [http-nio-8080-exec-9] com.sgxtrial.yyy.WebSocketServer.onMessage receive msg with thread: Thread[http-nio-8080-exec-9,5,main]
15-Jan-2019 22:18:30.609 INFO [http-nio-8080-exec-9] com.sgxtrial.yyy.WebSocketServer.onMessage js msg:[B@17b98701
15-Jan-2019 22:18:30.609 INFO [http-nio-8080-exec-9] com.sgxtrial.yyy.WebSocketServer.onMessage js msg lenght:10
15-Jan-2019 22:18:30.619 INFO [http-nio-8080-exec-9] com.sgxtrial.yyy.WebSocketServer.onMessage enclave msg:[B@197e6b86
15-Jan-2019 22:18:30.736 INFO [http-nio-8080-exec-5] com.sgxtrial.yyy.WebSocketServer.onMessage receive msg with thread: Thread[http-nio-8080-exec-5,5,main]
15-Jan-2019 22:18:30.736 INFO [http-nio-8080-exec-5] com.sgxtrial.yyy.WebSocketServer.onMessage js msg:[B@76fac6e5
15-Jan-2019 22:18:30.736 INFO [http-nio-8080-exec-5] com.sgxtrial.yyy.WebSocketServer.onMessage js msg lenght:257
15-Jan-2019 22:18:30.737 INFO [http-nio-8080-exec-5] com.sgxtrial.yyy.WebSocketServer.onMessage enclave msg:[B@783d364a
15-Jan-2019 22:18:44.071 INFO [http-nio-8080-exec-10] com.sgxtrial.yyy.WebSocketServer.onClose websocket closed
15-Jan-2019 22:19:20.806 INFO [main] org.apache.catalina.core.StandardServer.await A valid shutdown command was received via the shutdown port. Stopping the Server instance.
15-Jan-2019 22:19:20.807 INFO [main] org.apache.coyote.AbstractProtocol.pause Pausing ProtocolHandler ["http-nio-8080"]
15-Jan-2019 22:19:20.816 INFO [main] org.apache.coyote.AbstractProtocol.pause Pausing ProtocolHandler ["ajp-nio-8009"]
15-Jan-2019 22:19:20.822 INFO [main] org.apache.catalina.core.StandardService.stopInternal Stopping service [Catalina]
15-Jan-2019 22:19:20.860 INFO [main] org.apache.coyote.AbstractProtocol.stop Stopping ProtocolHandler ["http-nio-8080"]
15-Jan-2019 22:19:20.862 INFO [main] org.apache.coyote.AbstractProtocol.stop Stopping ProtocolHandler ["ajp-nio-8009"]
15-Jan-2019 22:19:20.863 INFO [main] org.apache.coyote.AbstractProtocol.destroy Destroying ProtocolHandler ["http-nio-8080"]
15-Jan-2019 22:19:20.864 INFO [main] org.apache.coyote.AbstractProtocol.destroy Destroying ProtocolHandler ["ajp-nio-8009"]
15-Jan-2019 22:19:22.818 INFO [main] org.apache.catalina.startup.VersionLoggerListener.log Server version name:   Apache Tomcat/9.0.14
15-Jan-2019 22:19:22.840 INFO [main] org.apache.catalina.startup.VersionLoggerListener.log Server built:          Dec 6 2018 21:13:53 UTC
15-Jan-2019 22:19:22.840 INFO [main] org.apache.catalina.startup.VersionLoggerListener.log Server version number: 9.0.14.0
15-Jan-2019 22:19:22.840 INFO [main] org.apache.catalina.startup.VersionLoggerListener.log OS Name:               Linux
15-Jan-2019 22:19:22.841 INFO [main] org.apache.catalina.startup.VersionLoggerListener.log OS Version:            4.15.0-43-generic
15-Jan-2019 22:19:22.841 INFO [main] org.apache.catalina.startup.VersionLoggerListener.log Architecture:          amd64
15-Jan-2019 22:19:22.841 INFO [main] org.apache.catalina.startup.VersionLoggerListener.log Java Home:             /opt/jdk1.8.0_191/jre
15-Jan-2019 22:19:22.841 INFO [main] org.apache.catalina.startup.VersionLoggerListener.log JVM Version:           1.8.0_191-b12
15-Jan-2019 22:19:22.841 INFO [main] org.apache.catalina.startup.VersionLoggerListener.log JVM Vendor:            Oracle Corporation
15-Jan-2019 22:19:22.844 INFO [main] org.apache.catalina.startup.VersionLoggerListener.log CATALINA_BASE:         /home/vdeadmin/tools/apache-tomcat-9.0.14
15-Jan-2019 22:19:22.844 INFO [main] org.apache.catalina.startup.VersionLoggerListener.log CATALINA_HOME:         /home/vdeadmin/tools/apache-tomcat-9.0.14
15-Jan-2019 22:19:22.844 INFO [main] org.apache.catalina.startup.VersionLoggerListener.log Command line argument: -Djava.util.logging.config.file=/home/vdeadmin/tools/apache-tomcat-current/conf/logging.properties
15-Jan-2019 22:19:22.845 INFO [main] org.apache.catalina.startup.VersionLoggerListener.log Command line argument: -Djava.util.logging.manager=org.apache.juli.ClassLoaderLogManager
15-Jan-2019 22:19:22.845 INFO [main] org.apache.catalina.startup.VersionLoggerListener.log Command line argument: -Djdk.tls.ephemeralDHKeySize=2048
15-Jan-2019 22:19:22.845 INFO [main] org.apache.catalina.startup.VersionLoggerListener.log Command line argument: -Djava.library.path=/home/vdeadmin/tools/apache-tomcat-current/shared/lib
15-Jan-2019 22:19:22.845 INFO [main] org.apache.catalina.startup.VersionLoggerListener.log Command line argument: -Djava.protocol.handler.pkgs=org.apache.catalina.webresources
15-Jan-2019 22:19:22.845 INFO [main] org.apache.catalina.startup.VersionLoggerListener.log Command line argument: -Dorg.apache.catalina.security.SecurityListener.UMASK=0027
15-Jan-2019 22:19:22.846 INFO [main] org.apache.catalina.startup.VersionLoggerListener.log Command line argument: -Dignore.endorsed.dirs=
15-Jan-2019 22:19:22.846 INFO [main] org.apache.catalina.startup.VersionLoggerListener.log Command line argument: -Dcatalina.base=/home/vdeadmin/tools/apache-tomcat-current
15-Jan-2019 22:19:22.851 INFO [main] org.apache.catalina.startup.VersionLoggerListener.log Command line argument: -Dcatalina.home=/home/vdeadmin/tools/apache-tomcat-current
15-Jan-2019 22:19:22.851 INFO [main] org.apache.catalina.startup.VersionLoggerListener.log Command line argument: -Djava.io.tmpdir=/home/vdeadmin/tools/apache-tomcat-current/temp
15-Jan-2019 22:19:22.851 INFO [main] org.apache.catalina.core.AprLifecycleListener.lifecycleEvent The APR based Apache Tomcat Native library which allows optimal performance in production environments was not found on the java.library.path: [/home/vdeadmin/tools/apache-tomcat-current/shared/lib]
15-Jan-2019 22:19:23.224 INFO [main] org.apache.coyote.AbstractProtocol.init Initializing ProtocolHandler ["http-nio-8080"]
15-Jan-2019 22:19:23.322 INFO [main] org.apache.coyote.AbstractProtocol.init Initializing ProtocolHandler ["ajp-nio-8009"]
15-Jan-2019 22:19:23.343 INFO [main] org.apache.catalina.startup.Catalina.load Server initialization in [1,574] milliseconds
15-Jan-2019 22:19:23.479 INFO [main] org.apache.catalina.core.StandardService.startInternal Starting service [Catalina]
15-Jan-2019 22:19:23.480 INFO [main] org.apache.catalina.core.StandardEngine.startInternal Starting Servlet engine: [Apache Tomcat/9.0.14]
15-Jan-2019 22:19:23.527 INFO [main] org.apache.catalina.startup.HostConfig.deployWAR Deploying web application archive [/home/vdeadmin/tools/apache-tomcat-9.0.14/webapps/com.sgxtrial.war]
15-Jan-2019 22:19:24.715 INFO [main] org.apache.jasper.servlet.TldScanner.scanJars At least one JAR was scanned for TLDs yet contained no TLDs. Enable debug logging for this logger for a complete list of JARs that were scanned but no TLDs were found in them. Skipping unneeded JARs during scanning can improve startup time and JSP compilation time.
15-Jan-2019 22:19:24.815 INFO [main] org.apache.catalina.startup.HostConfig.deployWAR Deployment of web application archive [/home/vdeadmin/tools/apache-tomcat-9.0.14/webapps/com.sgxtrial.war] has finished in [1,288] ms
15-Jan-2019 22:19:24.816 INFO [main] org.apache.catalina.startup.HostConfig.deployDirectory Deploying web application directory [/home/vdeadmin/tools/apache-tomcat-9.0.14/webapps/manager]
15-Jan-2019 22:19:24.862 INFO [main] org.apache.catalina.startup.HostConfig.deployDirectory Deployment of web application directory [/home/vdeadmin/tools/apache-tomcat-9.0.14/webapps/manager] has finished in [46] ms
15-Jan-2019 22:19:24.862 INFO [main] org.apache.catalina.startup.HostConfig.deployDirectory Deploying web application directory [/home/vdeadmin/tools/apache-tomcat-9.0.14/webapps/host-manager]
15-Jan-2019 22:19:24.894 INFO [main] org.apache.catalina.startup.HostConfig.deployDirectory Deployment of web application directory [/home/vdeadmin/tools/apache-tomcat-9.0.14/webapps/host-manager] has finished in [32] ms
15-Jan-2019 22:19:24.901 INFO [main] org.apache.catalina.startup.HostConfig.deployDirectory Deploying web application directory [/home/vdeadmin/tools/apache-tomcat-9.0.14/webapps/ROOT]
15-Jan-2019 22:19:24.942 INFO [main] org.apache.catalina.startup.HostConfig.deployDirectory Deployment of web application directory [/home/vdeadmin/tools/apache-tomcat-9.0.14/webapps/ROOT] has finished in [41] ms
15-Jan-2019 22:19:24.948 INFO [main] org.apache.catalina.startup.HostConfig.deployDirectory Deploying web application directory [/home/vdeadmin/tools/apache-tomcat-9.0.14/webapps/docs]
15-Jan-2019 22:19:24.978 INFO [main] org.apache.catalina.startup.HostConfig.deployDirectory Deployment of web application directory [/home/vdeadmin/tools/apache-tomcat-9.0.14/webapps/docs] has finished in [30] ms
15-Jan-2019 22:19:24.979 INFO [main] org.apache.catalina.startup.HostConfig.deployDirectory Deploying web application directory [/home/vdeadmin/tools/apache-tomcat-9.0.14/webapps/examples]
15-Jan-2019 22:19:25.628 INFO [main] org.apache.catalina.startup.HostConfig.deployDirectory Deployment of web application directory [/home/vdeadmin/tools/apache-tomcat-9.0.14/webapps/examples] has finished in [649] ms
15-Jan-2019 22:19:25.669 INFO [main] org.apache.coyote.AbstractProtocol.start Starting ProtocolHandler ["http-nio-8080"]
15-Jan-2019 22:19:25.699 INFO [main] org.apache.coyote.AbstractProtocol.start Starting ProtocolHandler ["ajp-nio-8009"]
15-Jan-2019 22:19:25.706 INFO [main] org.apache.catalina.startup.Catalina.start Server startup in [2,362] milliseconds
15-Jan-2019 22:20:10.678 INFO [http-nio-8080-exec-1] com.sgxtrial.yyy.WebSocketServer.onOpen websocket connected.Thread[http-nio-8080-exec-1,5,main]
15-Jan-2019 22:20:10.683 INFO [http-nio-8080-exec-1] com.sgxtrial.yyy.WebSocketServer.onMessage receive msg with thread: Thread[http-nio-8080-exec-1,5,main]
15-Jan-2019 22:20:10.683 INFO [http-nio-8080-exec-1] com.sgxtrial.yyy.WebSocketServer.onMessage js msg:[B@4f37a535
15-Jan-2019 22:20:10.683 INFO [http-nio-8080-exec-1] com.sgxtrial.yyy.WebSocketServer.onMessage js msg lenght:8
15-Jan-2019 22:20:10.721 INFO [http-nio-8080-exec-1] com.sgxtrial.yyy.WebSocketServer.onMessage enclave msg:[B@5564d03a
15-Jan-2019 22:20:10.736 INFO [http-nio-8080-exec-2] com.sgxtrial.yyy.WebSocketServer.onMessage receive msg with thread: Thread[http-nio-8080-exec-2,5,main]
15-Jan-2019 22:20:10.736 INFO [http-nio-8080-exec-2] com.sgxtrial.yyy.WebSocketServer.onMessage js msg:[B@3fa01255
15-Jan-2019 22:20:10.736 INFO [http-nio-8080-exec-2] com.sgxtrial.yyy.WebSocketServer.onMessage js msg lenght:10
15-Jan-2019 22:20:10.763 INFO [http-nio-8080-exec-2] com.sgxtrial.yyy.WebSocketServer.onMessage enclave msg:[B@3b9f8179
15-Jan-2019 22:20:10.924 INFO [http-nio-8080-exec-3] com.sgxtrial.yyy.WebSocketServer.onMessage receive msg with thread: Thread[http-nio-8080-exec-3,5,main]
15-Jan-2019 22:20:10.924 INFO [http-nio-8080-exec-3] com.sgxtrial.yyy.WebSocketServer.onMessage js msg:[B@7c03e9ed
15-Jan-2019 22:20:10.924 INFO [http-nio-8080-exec-3] com.sgxtrial.yyy.WebSocketServer.onMessage js msg lenght:262
15-Jan-2019 22:20:10.925 INFO [http-nio-8080-exec-3] com.sgxtrial.yyy.WebSocketServer.onMessage enclave msg:[B@72c4081d
15-Jan-2019 22:31:13.425 INFO [main] org.apache.catalina.startup.VersionLoggerListener.log Server version name:   Apache Tomcat/9.0.14
15-Jan-2019 22:31:13.430 INFO [main] org.apache.catalina.startup.VersionLoggerListener.log Server built:          Dec 6 2018 21:13:53 UTC
15-Jan-2019 22:31:13.430 INFO [main] org.apache.catalina.startup.VersionLoggerListener.log Server version number: 9.0.14.0
15-Jan-2019 22:31:13.430 INFO [main] org.apache.catalina.startup.VersionLoggerListener.log OS Name:               Linux
15-Jan-2019 22:31:13.430 INFO [main] org.apache.catalina.startup.VersionLoggerListener.log OS Version:            4.15.0-43-generic
15-Jan-2019 22:31:13.431 INFO [main] org.apache.catalina.startup.VersionLoggerListener.log Architecture:          amd64
15-Jan-2019 22:31:13.431 INFO [main] org.apache.catalina.startup.VersionLoggerListener.log Java Home:             /opt/jdk1.8.0_191/jre
15-Jan-2019 22:31:13.431 INFO [main] org.apache.catalina.startup.VersionLoggerListener.log JVM Version:           1.8.0_191-b12
15-Jan-2019 22:31:13.431 INFO [main] org.apache.catalina.startup.VersionLoggerListener.log JVM Vendor:            Oracle Corporation
15-Jan-2019 22:31:13.431 INFO [main] org.apache.catalina.startup.VersionLoggerListener.log CATALINA_BASE:         /home/vdeadmin/errands/sgx/apache-tomcat-9.0.14
15-Jan-2019 22:31:13.431 INFO [main] org.apache.catalina.startup.VersionLoggerListener.log CATALINA_HOME:         /home/vdeadmin/errands/sgx/apache-tomcat-9.0.14
15-Jan-2019 22:31:13.432 INFO [main] org.apache.catalina.startup.VersionLoggerListener.log Command line argument: -Djava.util.logging.config.file=/home/vdeadmin/errands/sgx/apache-tomcat-9.0.14/conf/logging.properties
15-Jan-2019 22:31:13.432 INFO [main] org.apache.catalina.startup.VersionLoggerListener.log Command line argument: -Djava.util.logging.manager=org.apache.juli.ClassLoaderLogManager
15-Jan-2019 22:31:13.432 INFO [main] org.apache.catalina.startup.VersionLoggerListener.log Command line argument: -Djdk.tls.ephemeralDHKeySize=2048
15-Jan-2019 22:31:13.432 INFO [main] org.apache.catalina.startup.VersionLoggerListener.log Command line argument: -Djava.library.path=/home/vdeadmin/errands/sgx/apache-tomcat-9.0.14/shared/lib
15-Jan-2019 22:31:13.432 INFO [main] org.apache.catalina.startup.VersionLoggerListener.log Command line argument: -Djava.protocol.handler.pkgs=org.apache.catalina.webresources
15-Jan-2019 22:31:13.432 INFO [main] org.apache.catalina.startup.VersionLoggerListener.log Command line argument: -Dorg.apache.catalina.security.SecurityListener.UMASK=0027
15-Jan-2019 22:31:13.432 INFO [main] org.apache.catalina.startup.VersionLoggerListener.log Command line argument: -Dignore.endorsed.dirs=
15-Jan-2019 22:31:13.432 INFO [main] org.apache.catalina.startup.VersionLoggerListener.log Command line argument: -Dcatalina.base=/home/vdeadmin/errands/sgx/apache-tomcat-9.0.14
15-Jan-2019 22:31:13.432 INFO [main] org.apache.catalina.startup.VersionLoggerListener.log Command line argument: -Dcatalina.home=/home/vdeadmin/errands/sgx/apache-tomcat-9.0.14
15-Jan-2019 22:31:13.432 INFO [main] org.apache.catalina.startup.VersionLoggerListener.log Command line argument: -Djava.io.tmpdir=/home/vdeadmin/errands/sgx/apache-tomcat-9.0.14/temp
15-Jan-2019 22:31:13.433 INFO [main] org.apache.catalina.core.AprLifecycleListener.lifecycleEvent The APR based Apache Tomcat Native library which allows optimal performance in production environments was not found on the java.library.path: [/home/vdeadmin/errands/sgx/apache-tomcat-9.0.14/shared/lib]
15-Jan-2019 22:31:13.632 INFO [main] org.apache.coyote.AbstractProtocol.init Initializing ProtocolHandler ["http-nio-8080"]
15-Jan-2019 22:31:13.664 INFO [main] org.apache.coyote.AbstractProtocol.init Initializing ProtocolHandler ["ajp-nio-8009"]
15-Jan-2019 22:31:13.672 INFO [main] org.apache.catalina.startup.Catalina.load Server initialization in [652] milliseconds
15-Jan-2019 22:31:13.720 INFO [main] org.apache.catalina.core.StandardService.startInternal Starting service [Catalina]
15-Jan-2019 22:31:13.720 INFO [main] org.apache.catalina.core.StandardEngine.startInternal Starting Servlet engine: [Apache Tomcat/9.0.14]
15-Jan-2019 22:31:13.736 INFO [main] org.apache.catalina.startup.HostConfig.deployWAR Deploying web application archive [/home/vdeadmin/errands/sgx/apache-tomcat-9.0.14/webapps/com.sgxtrial.war]
15-Jan-2019 22:31:14.151 INFO [main] org.apache.jasper.servlet.TldScanner.scanJars At least one JAR was scanned for TLDs yet contained no TLDs. Enable debug logging for this logger for a complete list of JARs that were scanned but no TLDs were found in them. Skipping unneeded JARs during scanning can improve startup time and JSP compilation time.
15-Jan-2019 22:31:14.214 INFO [main] org.apache.catalina.startup.HostConfig.deployWAR Deployment of web application archive [/home/vdeadmin/errands/sgx/apache-tomcat-9.0.14/webapps/com.sgxtrial.war] has finished in [478] ms
15-Jan-2019 22:31:14.215 INFO [main] org.apache.catalina.startup.HostConfig.deployDirectory Deploying web application directory [/home/vdeadmin/errands/sgx/apache-tomcat-9.0.14/webapps/manager]
15-Jan-2019 22:31:14.241 INFO [main] org.apache.catalina.startup.HostConfig.deployDirectory Deployment of web application directory [/home/vdeadmin/errands/sgx/apache-tomcat-9.0.14/webapps/manager] has finished in [26] ms
15-Jan-2019 22:31:14.241 INFO [main] org.apache.catalina.startup.HostConfig.deployDirectory Deploying web application directory [/home/vdeadmin/errands/sgx/apache-tomcat-9.0.14/webapps/host-manager]
15-Jan-2019 22:31:14.261 INFO [main] org.apache.catalina.startup.HostConfig.deployDirectory Deployment of web application directory [/home/vdeadmin/errands/sgx/apache-tomcat-9.0.14/webapps/host-manager] has finished in [20] ms
15-Jan-2019 22:31:14.262 INFO [main] org.apache.catalina.startup.HostConfig.deployDirectory Deploying web application directory [/home/vdeadmin/errands/sgx/apache-tomcat-9.0.14/webapps/ROOT]
15-Jan-2019 22:31:14.276 INFO [main] org.apache.catalina.startup.HostConfig.deployDirectory Deployment of web application directory [/home/vdeadmin/errands/sgx/apache-tomcat-9.0.14/webapps/ROOT] has finished in [15] ms
15-Jan-2019 22:31:14.277 INFO [main] org.apache.catalina.startup.HostConfig.deployDirectory Deploying web application directory [/home/vdeadmin/errands/sgx/apache-tomcat-9.0.14/webapps/docs]
15-Jan-2019 22:31:14.291 INFO [main] org.apache.catalina.startup.HostConfig.deployDirectory Deployment of web application directory [/home/vdeadmin/errands/sgx/apache-tomcat-9.0.14/webapps/docs] has finished in [15] ms
15-Jan-2019 22:31:14.291 INFO [main] org.apache.catalina.startup.HostConfig.deployDirectory Deploying web application directory [/home/vdeadmin/errands/sgx/apache-tomcat-9.0.14/webapps/examples]
15-Jan-2019 22:31:14.462 INFO [main] org.apache.catalina.startup.HostConfig.deployDirectory Deployment of web application directory [/home/vdeadmin/errands/sgx/apache-tomcat-9.0.14/webapps/examples] has finished in [171] ms
15-Jan-2019 22:31:14.466 INFO [main] org.apache.coyote.AbstractProtocol.start Starting ProtocolHandler ["http-nio-8080"]
15-Jan-2019 22:31:14.479 INFO [main] org.apache.coyote.AbstractProtocol.start Starting ProtocolHandler ["ajp-nio-8009"]
15-Jan-2019 22:31:14.484 INFO [main] org.apache.catalina.startup.Catalina.start Server startup in [811] milliseconds
15-Jan-2019 22:31:19.131 INFO [http-nio-8080-exec-1] com.sgxtrial.yyy.WebSocketServer.onOpen websocket connected.Thread[http-nio-8080-exec-1,5,main]
15-Jan-2019 22:31:19.134 INFO [http-nio-8080-exec-1] com.sgxtrial.yyy.WebSocketServer.onMessage receive msg with thread: Thread[http-nio-8080-exec-1,5,main]
15-Jan-2019 22:31:19.134 INFO [http-nio-8080-exec-1] com.sgxtrial.yyy.WebSocketServer.onMessage js msg:[B@12d2ed1c
15-Jan-2019 22:31:19.134 INFO [http-nio-8080-exec-1] com.sgxtrial.yyy.WebSocketServer.onMessage js msg lenght:8
15-Jan-2019 22:31:19.153 INFO [http-nio-8080-exec-1] com.sgxtrial.yyy.WebSocketServer.onMessage enclave msg:[B@42c7ef92
15-Jan-2019 22:31:19.174 INFO [http-nio-8080-exec-2] com.sgxtrial.yyy.WebSocketServer.onMessage receive msg with thread: Thread[http-nio-8080-exec-2,5,main]
15-Jan-2019 22:31:19.175 INFO [http-nio-8080-exec-2] com.sgxtrial.yyy.WebSocketServer.onMessage js msg:[B@17b90e66
15-Jan-2019 22:31:19.175 INFO [http-nio-8080-exec-2] com.sgxtrial.yyy.WebSocketServer.onMessage js msg lenght:10
15-Jan-2019 22:31:19.187 INFO [http-nio-8080-exec-2] com.sgxtrial.yyy.WebSocketServer.onMessage enclave msg:[B@13868849
15-Jan-2019 22:31:19.275 INFO [http-nio-8080-exec-3] com.sgxtrial.yyy.WebSocketServer.onMessage receive msg with thread: Thread[http-nio-8080-exec-3,5,main]
15-Jan-2019 22:31:19.276 INFO [http-nio-8080-exec-3] com.sgxtrial.yyy.WebSocketServer.onMessage js msg:[B@77f5fa3c
15-Jan-2019 22:31:19.276 INFO [http-nio-8080-exec-3] com.sgxtrial.yyy.WebSocketServer.onMessage js msg lenght:271
15-Jan-2019 22:31:19.277 INFO [http-nio-8080-exec-3] com.sgxtrial.yyy.WebSocketServer.onMessage enclave msg:[B@79321ab2
