06-Jan-2019 10:04:13.165 INFO [main] org.apache.catalina.core.ApplicationContext.log SessionListener: contextDestroyed()
06-Jan-2019 10:04:13.165 INFO [main] org.apache.catalina.core.ApplicationContext.log ContextListener: contextDestroyed()
06-Jan-2019 10:04:18.190 INFO [main] org.apache.catalina.core.ApplicationContext.log ContextListener: contextInitialized()
06-Jan-2019 10:04:18.190 INFO [main] org.apache.catalina.core.ApplicationContext.log SessionListener: contextInitialized()
06-Jan-2019 10:04:18.191 INFO [main] org.apache.catalina.core.ApplicationContext.log ContextListener: attributeAdded('StockTicker', 'async.Stockticker@2141a12')
06-Jan-2019 10:11:26.007 INFO [main] org.apache.catalina.core.ApplicationContext.log SessionListener: contextDestroyed()
06-Jan-2019 10:11:26.008 INFO [main] org.apache.catalina.core.ApplicationContext.log ContextListener: contextDestroyed()
06-Jan-2019 10:11:27.654 INFO [main] org.apache.catalina.core.ApplicationContext.log ContextListener: contextInitialized()
06-Jan-2019 10:11:27.654 INFO [main] org.apache.catalina.core.ApplicationContext.log SessionListener: contextInitialized()
06-Jan-2019 10:11:27.655 INFO [main] org.apache.catalina.core.ApplicationContext.log ContextListener: attributeAdded('StockTicker', 'async.Stockticker@2141a12')
06-Jan-2019 19:45:30.398 INFO [main] org.apache.catalina.core.ApplicationContext.log SessionListener: contextDestroyed()
06-Jan-2019 19:45:30.398 INFO [main] org.apache.catalina.core.ApplicationContext.log ContextListener: contextDestroyed()
06-Jan-2019 19:45:32.890 INFO [main] org.apache.catalina.core.ApplicationContext.log ContextListener: contextInitialized()
06-Jan-2019 19:45:32.891 INFO [main] org.apache.catalina.core.ApplicationContext.log SessionListener: contextInitialized()
06-Jan-2019 19:45:32.892 INFO [main] org.apache.catalina.core.ApplicationContext.log ContextListener: attributeAdded('StockTicker', 'async.Stockticker@2141a12')
06-Jan-2019 19:49:33.722 INFO [main] org.apache.catalina.core.ApplicationContext.log SessionListener: contextDestroyed()
06-Jan-2019 19:49:33.722 INFO [main] org.apache.catalina.core.ApplicationContext.log ContextListener: contextDestroyed()
06-Jan-2019 19:49:35.216 INFO [main] org.apache.catalina.core.ApplicationContext.log ContextListener: contextInitialized()
06-Jan-2019 19:49:35.216 INFO [main] org.apache.catalina.core.ApplicationContext.log SessionListener: contextInitialized()
06-Jan-2019 19:49:35.218 INFO [main] org.apache.catalina.core.ApplicationContext.log ContextListener: attributeAdded('StockTicker', 'async.Stockticker@2141a12')
06-Jan-2019 19:51:21.687 INFO [main] org.apache.catalina.core.ApplicationContext.log SessionListener: contextDestroyed()
06-Jan-2019 19:51:21.687 INFO [main] org.apache.catalina.core.ApplicationContext.log ContextListener: contextDestroyed()
06-Jan-2019 19:51:23.161 INFO [main] org.apache.catalina.core.ApplicationContext.log ContextListener: contextInitialized()
06-Jan-2019 19:51:23.161 INFO [main] org.apache.catalina.core.ApplicationContext.log SessionListener: contextInitialized()
06-Jan-2019 19:51:23.162 INFO [main] org.apache.catalina.core.ApplicationContext.log ContextListener: attributeAdded('StockTicker', 'async.Stockticker@2141a12')
06-Jan-2019 19:52:59.876 INFO [main] org.apache.catalina.core.ApplicationContext.log SessionListener: contextDestroyed()
06-Jan-2019 19:52:59.876 INFO [main] org.apache.catalina.core.ApplicationContext.log ContextListener: contextDestroyed()
06-Jan-2019 19:53:01.320 INFO [main] org.apache.catalina.core.ApplicationContext.log ContextListener: contextInitialized()
06-Jan-2019 19:53:01.320 INFO [main] org.apache.catalina.core.ApplicationContext.log SessionListener: contextInitialized()
06-Jan-2019 19:53:01.321 INFO [main] org.apache.catalina.core.ApplicationContext.log ContextListener: attributeAdded('StockTicker', 'async.Stockticker@2141a12')
