09-Jan-2019 09:57:24.783 INFO [main] org.apache.catalina.core.ApplicationContext.log SessionListener: contextDestroyed()
09-Jan-2019 09:57:24.783 INFO [main] org.apache.catalina.core.ApplicationContext.log ContextListener: contextDestroyed()
09-Jan-2019 09:57:27.575 INFO [main] org.apache.catalina.core.ApplicationContext.log ContextListener: contextInitialized()
09-Jan-2019 09:57:27.575 INFO [main] org.apache.catalina.core.ApplicationContext.log SessionListener: contextInitialized()
09-Jan-2019 09:57:27.576 INFO [main] org.apache.catalina.core.ApplicationContext.log ContextListener: attributeAdded('StockTicker', 'async.Stockticker@2141a12')
09-Jan-2019 15:15:08.384 INFO [main] org.apache.catalina.core.ApplicationContext.log SessionListener: contextDestroyed()
09-Jan-2019 15:15:08.384 INFO [main] org.apache.catalina.core.ApplicationContext.log ContextListener: contextDestroyed()
09-Jan-2019 15:15:11.428 INFO [main] org.apache.catalina.core.ApplicationContext.log ContextListener: contextInitialized()
09-Jan-2019 15:15:11.429 INFO [main] org.apache.catalina.core.ApplicationContext.log SessionListener: contextInitialized()
09-Jan-2019 15:15:11.431 INFO [main] org.apache.catalina.core.ApplicationContext.log ContextListener: attributeAdded('StockTicker', 'async.Stockticker@2141a12')
09-Jan-2019 15:26:01.663 INFO [main] org.apache.catalina.core.ApplicationContext.log SessionListener: contextDestroyed()
09-Jan-2019 15:26:01.663 INFO [main] org.apache.catalina.core.ApplicationContext.log ContextListener: contextDestroyed()
09-Jan-2019 15:26:04.093 INFO [main] org.apache.catalina.core.ApplicationContext.log ContextListener: contextInitialized()
09-Jan-2019 15:26:04.094 INFO [main] org.apache.catalina.core.ApplicationContext.log SessionListener: contextInitialized()
09-Jan-2019 15:26:04.095 INFO [main] org.apache.catalina.core.ApplicationContext.log ContextListener: attributeAdded('StockTicker', 'async.Stockticker@2141a12')
09-Jan-2019 15:35:32.358 INFO [main] org.apache.catalina.core.ApplicationContext.log SessionListener: contextDestroyed()
09-Jan-2019 15:35:32.358 INFO [main] org.apache.catalina.core.ApplicationContext.log ContextListener: contextDestroyed()
09-Jan-2019 15:35:34.816 INFO [main] org.apache.catalina.core.ApplicationContext.log ContextListener: contextInitialized()
09-Jan-2019 15:35:34.816 INFO [main] org.apache.catalina.core.ApplicationContext.log SessionListener: contextInitialized()
09-Jan-2019 15:35:34.817 INFO [main] org.apache.catalina.core.ApplicationContext.log ContextListener: attributeAdded('StockTicker', 'async.Stockticker@2141a12')
09-Jan-2019 15:39:26.241 INFO [main] org.apache.catalina.core.ApplicationContext.log SessionListener: contextDestroyed()
09-Jan-2019 15:39:26.241 INFO [1] org.apache.catalina.core.ApplicationContext.log ContextListener: contextDestroyed()
09-Jan-2019 15:39:28.738 INFO [main] org.apache.catalina.core.ApplicationContext.log ContextListener: contextInitialized()
09-Jan-2019 15:39:28.738 INFO [main] org.apache.catalina.core.ApplicationContext.log SessionListener: contextInitialized()
09-Jan-2019 15:39:28.739 INFO [main] org.apache.catalina.core.ApplicationContext.log ContextListener: attributeAdded('StockTicker', 'async.Stockticker@2141a12')
09-Jan-2019 15:45:08.355 INFO [main] org.apache.catalina.core.ApplicationContext.log SessionListener: contextDestroyed()
09-Jan-2019 15:45:08.355 INFO [main] org.apache.catalina.core.ApplicationContext.log ContextListener: contextDestroyed()
09-Jan-2019 15:45:10.755 INFO [main] org.apache.catalina.core.ApplicationContext.log ContextListener: contextInitialized()
09-Jan-2019 15:45:10.756 INFO [main] org.apache.catalina.core.ApplicationContext.log SessionListener: contextInitialized()
09-Jan-2019 15:45:10.757 INFO [main] org.apache.catalina.core.ApplicationContext.log ContextListener: attributeAdded('StockTicker', 'async.Stockticker@2141a12')
09-Jan-2019 15:56:12.413 INFO [main] org.apache.catalina.core.ApplicationContext.log SessionListener: contextDestroyed()
09-Jan-2019 15:56:12.413 INFO [1] org.apache.catalina.core.ApplicationContext.log ContextListener: contextDestroyed()
09-Jan-2019 15:56:14.915 INFO [main] org.apache.catalina.core.ApplicationContext.log ContextListener: contextInitialized()
09-Jan-2019 15:56:14.915 INFO [main] org.apache.catalina.core.ApplicationContext.log SessionListener: contextInitialized()
09-Jan-2019 15:56:14.917 INFO [main] org.apache.catalina.core.ApplicationContext.log ContextListener: attributeAdded('StockTicker', 'async.Stockticker@2141a12')
09-Jan-2019 16:05:55.610 INFO [main] org.apache.catalina.core.ApplicationContext.log SessionListener: contextDestroyed()
09-Jan-2019 16:05:55.610 INFO [1] org.apache.catalina.core.ApplicationContext.log ContextListener: contextDestroyed()
09-Jan-2019 16:05:57.785 INFO [main] org.apache.catalina.core.ApplicationContext.log ContextListener: contextInitialized()
09-Jan-2019 16:05:57.786 INFO [main] org.apache.catalina.core.ApplicationContext.log SessionListener: contextInitialized()
09-Jan-2019 16:05:57.787 INFO [main] org.apache.catalina.core.ApplicationContext.log ContextListener: attributeAdded('StockTicker', 'async.Stockticker@2141a12')
09-Jan-2019 16:14:44.874 INFO [main] org.apache.catalina.core.ApplicationContext.log SessionListener: contextDestroyed()
09-Jan-2019 16:14:44.875 INFO [main] org.apache.catalina.core.ApplicationContext.log ContextListener: contextDestroyed()
09-Jan-2019 16:14:47.101 INFO [main] org.apache.catalina.core.ApplicationContext.log ContextListener: contextInitialized()
09-Jan-2019 16:14:47.101 INFO [main] org.apache.catalina.core.ApplicationContext.log SessionListener: contextInitialized()
09-Jan-2019 16:14:47.102 INFO [main] org.apache.catalina.core.ApplicationContext.log ContextListener: attributeAdded('StockTicker', 'async.Stockticker@2141a12')
09-Jan-2019 16:23:56.206 INFO [main] org.apache.catalina.core.ApplicationContext.log SessionListener: contextDestroyed()
09-Jan-2019 16:23:56.206 INFO [main] org.apache.catalina.core.ApplicationContext.log ContextListener: contextDestroyed()
09-Jan-2019 16:23:57.992 INFO [main] org.apache.catalina.core.ApplicationContext.log ContextListener: contextInitialized()
09-Jan-2019 16:23:57.992 INFO [main] org.apache.catalina.core.ApplicationContext.log SessionListener: contextInitialized()
09-Jan-2019 16:23:57.993 INFO [main] org.apache.catalina.core.ApplicationContext.log ContextListener: attributeAdded('StockTicker', 'async.Stockticker@2141a12')
09-Jan-2019 16:33:33.158 INFO [main] org.apache.catalina.core.ApplicationContext.log SessionListener: contextDestroyed()
09-Jan-2019 16:33:33.158 INFO [main] org.apache.catalina.core.ApplicationContext.log ContextListener: contextDestroyed()
09-Jan-2019 16:33:35.012 INFO [main] org.apache.catalina.core.ApplicationContext.log ContextListener: contextInitialized()
09-Jan-2019 16:33:35.012 INFO [main] org.apache.catalina.core.ApplicationContext.log SessionListener: contextInitialized()
09-Jan-2019 16:33:35.013 INFO [main] org.apache.catalina.core.ApplicationContext.log ContextListener: attributeAdded('StockTicker', 'async.Stockticker@2141a12')
09-Jan-2019 16:34:47.923 INFO [main] org.apache.catalina.core.ApplicationContext.log SessionListener: contextDestroyed()
09-Jan-2019 16:34:47.924 INFO [main] org.apache.catalina.core.ApplicationContext.log ContextListener: contextDestroyed()
09-Jan-2019 16:34:49.442 INFO [main] org.apache.catalina.core.ApplicationContext.log ContextListener: contextInitialized()
09-Jan-2019 16:34:49.442 INFO [main] org.apache.catalina.core.ApplicationContext.log SessionListener: contextInitialized()
09-Jan-2019 16:34:49.444 INFO [main] org.apache.catalina.core.ApplicationContext.log ContextListener: attributeAdded('StockTicker', 'async.Stockticker@2141a12')
09-Jan-2019 16:39:35.649 INFO [main] org.apache.catalina.core.ApplicationContext.log SessionListener: contextDestroyed()
09-Jan-2019 16:39:35.650 INFO [main] org.apache.catalina.core.ApplicationContext.log ContextListener: contextDestroyed()
09-Jan-2019 16:39:37.540 INFO [main] org.apache.catalina.core.ApplicationContext.log ContextListener: contextInitialized()
09-Jan-2019 16:39:37.540 INFO [main] org.apache.catalina.core.ApplicationContext.log SessionListener: contextInitialized()
09-Jan-2019 16:39:37.541 INFO [main] org.apache.catalina.core.ApplicationContext.log ContextListener: attributeAdded('StockTicker', 'async.Stockticker@2141a12')
09-Jan-2019 16:44:16.438 INFO [main] org.apache.catalina.core.ApplicationContext.log SessionListener: contextDestroyed()
09-Jan-2019 16:44:16.438 INFO [main] org.apache.catalina.core.ApplicationContext.log ContextListener: contextDestroyed()
09-Jan-2019 16:44:18.170 INFO [main] org.apache.catalina.core.ApplicationContext.log ContextListener: contextInitialized()
09-Jan-2019 16:44:18.171 INFO [main] org.apache.catalina.core.ApplicationContext.log SessionListener: contextInitialized()
09-Jan-2019 16:44:18.172 INFO [main] org.apache.catalina.core.ApplicationContext.log ContextListener: attributeAdded('StockTicker', 'async.Stockticker@2141a12')
09-Jan-2019 16:48:59.964 INFO [main] org.apache.catalina.core.ApplicationContext.log SessionListener: contextDestroyed()
09-Jan-2019 16:48:59.964 INFO [main] org.apache.catalina.core.ApplicationContext.log ContextListener: contextDestroyed()
09-Jan-2019 16:49:01.861 INFO [main] org.apache.catalina.core.ApplicationContext.log ContextListener: contextInitialized()
09-Jan-2019 16:49:01.861 INFO [main] org.apache.catalina.core.ApplicationContext.log SessionListener: contextInitialized()
09-Jan-2019 16:49:01.862 INFO [main] org.apache.catalina.core.ApplicationContext.log ContextListener: attributeAdded('StockTicker', 'async.Stockticker@2141a12')
09-Jan-2019 16:59:35.145 INFO [main] org.apache.catalina.core.ApplicationContext.log SessionListener: contextDestroyed()
09-Jan-2019 16:59:35.145 INFO [main] org.apache.catalina.core.ApplicationContext.log ContextListener: contextDestroyed()
09-Jan-2019 16:59:37.378 INFO [main] org.apache.catalina.core.ApplicationContext.log ContextListener: contextInitialized()
09-Jan-2019 16:59:37.379 INFO [main] org.apache.catalina.core.ApplicationContext.log SessionListener: contextInitialized()
09-Jan-2019 16:59:37.380 INFO [main] org.apache.catalina.core.ApplicationContext.log ContextListener: attributeAdded('StockTicker', 'async.Stockticker@7fcf2fc1')
09-Jan-2019 17:29:34.038 INFO [main] org.apache.catalina.core.ApplicationContext.log SessionListener: contextDestroyed()
09-Jan-2019 17:29:34.038 INFO [main] org.apache.catalina.core.ApplicationContext.log ContextListener: contextDestroyed()
09-Jan-2019 17:29:36.337 INFO [main] org.apache.catalina.core.ApplicationContext.log ContextListener: contextInitialized()
09-Jan-2019 17:29:36.338 INFO [main] org.apache.catalina.core.ApplicationContext.log SessionListener: contextInitialized()
09-Jan-2019 17:29:36.339 INFO [main] org.apache.catalina.core.ApplicationContext.log ContextListener: attributeAdded('StockTicker', 'async.Stockticker@2141a12')
09-Jan-2019 17:32:19.836 INFO [main] org.apache.catalina.core.ApplicationContext.log SessionListener: contextDestroyed()
09-Jan-2019 17:32:19.836 INFO [1] org.apache.catalina.core.ApplicationContext.log ContextListener: contextDestroyed()
09-Jan-2019 17:32:22.102 INFO [main] org.apache.catalina.core.ApplicationContext.log ContextListener: contextInitialized()
09-Jan-2019 17:32:22.103 INFO [main] org.apache.catalina.core.ApplicationContext.log SessionListener: contextInitialized()
09-Jan-2019 17:32:22.103 INFO [main] org.apache.catalina.core.ApplicationContext.log ContextListener: attributeAdded('StockTicker', 'async.Stockticker@2141a12')
09-Jan-2019 17:40:30.620 INFO [1] org.apache.catalina.core.ApplicationContext.log SessionListener: contextDestroyed()
09-Jan-2019 17:40:30.620 INFO [1] org.apache.catalina.core.ApplicationContext.log ContextListener: contextDestroyed()
09-Jan-2019 17:40:32.949 INFO [main] org.apache.catalina.core.ApplicationContext.log ContextListener: contextInitialized()
09-Jan-2019 17:40:32.949 INFO [main] org.apache.catalina.core.ApplicationContext.log SessionListener: contextInitialized()
09-Jan-2019 17:40:32.950 INFO [main] org.apache.catalina.core.ApplicationContext.log ContextListener: attributeAdded('StockTicker', 'async.Stockticker@7fcf2fc1')
09-Jan-2019 17:42:07.969 INFO [main] org.apache.catalina.core.ApplicationContext.log SessionListener: contextDestroyed()
09-Jan-2019 17:42:07.969 INFO [1] org.apache.catalina.core.ApplicationContext.log ContextListener: contextDestroyed()
09-Jan-2019 17:42:10.137 INFO [main] org.apache.catalina.core.ApplicationContext.log ContextListener: contextInitialized()
09-Jan-2019 17:42:10.137 INFO [main] org.apache.catalina.core.ApplicationContext.log SessionListener: contextInitialized()
09-Jan-2019 17:42:10.139 INFO [main] org.apache.catalina.core.ApplicationContext.log ContextListener: attributeAdded('StockTicker', 'async.Stockticker@2141a12')
09-Jan-2019 17:43:50.094 INFO [main] org.apache.catalina.core.ApplicationContext.log SessionListener: contextDestroyed()
09-Jan-2019 17:43:50.095 INFO [1] org.apache.catalina.core.ApplicationContext.log ContextListener: contextDestroyed()
09-Jan-2019 17:43:52.355 INFO [main] org.apache.catalina.core.ApplicationContext.log ContextListener: contextInitialized()
09-Jan-2019 17:43:52.356 INFO [main] org.apache.catalina.core.ApplicationContext.log SessionListener: contextInitialized()
09-Jan-2019 17:43:52.357 INFO [main] org.apache.catalina.core.ApplicationContext.log ContextListener: attributeAdded('StockTicker', 'async.Stockticker@2141a12')
09-Jan-2019 17:45:15.408 INFO [main] org.apache.catalina.core.ApplicationContext.log SessionListener: contextDestroyed()
09-Jan-2019 17:45:15.409 INFO [main] org.apache.catalina.core.ApplicationContext.log ContextListener: contextDestroyed()
09-Jan-2019 17:45:17.660 INFO [main] org.apache.catalina.core.ApplicationContext.log ContextListener: contextInitialized()
09-Jan-2019 17:45:17.660 INFO [main] org.apache.catalina.core.ApplicationContext.log SessionListener: contextInitialized()
09-Jan-2019 17:45:17.662 INFO [main] org.apache.catalina.core.ApplicationContext.log ContextListener: attributeAdded('StockTicker', 'async.Stockticker@2141a12')
09-Jan-2019 21:41:07.013 INFO [main] org.apache.catalina.core.ApplicationContext.log SessionListener: contextDestroyed()
09-Jan-2019 21:41:07.013 INFO [main] org.apache.catalina.core.ApplicationContext.log ContextListener: contextDestroyed()
09-Jan-2019 21:41:09.368 INFO [main] org.apache.catalina.core.ApplicationContext.log ContextListener: contextInitialized()
09-Jan-2019 21:41:09.368 INFO [main] org.apache.catalina.core.ApplicationContext.log SessionListener: contextInitialized()
09-Jan-2019 21:41:09.369 INFO [main] org.apache.catalina.core.ApplicationContext.log ContextListener: attributeAdded('StockTicker', 'async.Stockticker@7fcf2fc1')
09-Jan-2019 21:47:22.063 INFO [main] org.apache.catalina.core.ApplicationContext.log SessionListener: contextDestroyed()
09-Jan-2019 21:47:22.063 INFO [1] org.apache.catalina.core.ApplicationContext.log ContextListener: contextDestroyed()
09-Jan-2019 21:47:24.318 INFO [main] org.apache.catalina.core.ApplicationContext.log ContextListener: contextInitialized()
09-Jan-2019 21:47:24.318 INFO [main] org.apache.catalina.core.ApplicationContext.log SessionListener: contextInitialized()
09-Jan-2019 21:47:24.320 INFO [main] org.apache.catalina.core.ApplicationContext.log ContextListener: attributeAdded('StockTicker', 'async.Stockticker@2141a12')
